20:58:51,801 DEBUG main Page:<init>:13 - login page initialization...
20:58:51,828 DEBUG main Page:<init>:52 - login page is created
20:58:51,828  INFO main LoginSteps:loadMainPage:38 - test is started...
20:58:53,969 DEBUG main Page:<init>:13 - mail page initialization...
20:58:54,001 DEBUG main Page:<init>:40 - mail page is created
20:58:54,002  INFO main LoginSteps:seeLogoutLink:69 - Test login...
20:58:59,385  INFO main LoginSteps:seeLogoutLink:73 - Login test is completed successfully
20:58:59,389 DEBUG main LoginSteps:checkIncomingMessages:85 - Check incoming messages presence...
20:58:59,547 DEBUG main Page:hasIncomingMessage:50 - There are 3 imcoming messages
20:59:00,411  INFO main Page:moveMessageToSpam:62 - Move to spam message: 25 мар
Поздравляем с Днём Рождения!У нас для вас подарок – откройте! Здравствуйте! Команда Почты Mail.Ru поздравляет вас с Днем Рождени
Почта Mail.Ru
20:59:00,565 DEBUG main LoginSteps:checkPopupConfirmation:106 - Wait message moving confirmation...
20:59:01,148 DEBUG main Page:isPopupMessageMovingOkAppears:72 - Popup with confirmation is appeared
20:59:01,148  INFO main Page:isPopupMessageMovingOkAppears:73 - Message is successfully moved.
20:59:07,246  INFO main Page:openSpam:95 - Open spam
20:59:08,147  INFO main Page:hasMovedMessageFromSpam:106 - Required message is found in spam
20:59:08,299 DEBUG main LoginSteps:checkPopupConfirmation:106 - Wait message moving confirmation...
20:59:08,931 DEBUG main Page:isPopupMessageMovingOkAppears:72 - Popup with confirmation is appeared
20:59:08,931  INFO main Page:isPopupMessageMovingOkAppears:73 - Message is successfully moved.
21:01:24,329 DEBUG main Page:<init>:13 - login page initialization...
21:01:24,361 DEBUG main Page:<init>:52 - login page is created
21:01:24,361  INFO main LoginSteps:loadMainPage:38 - test is started...
21:01:26,950 DEBUG main Page:<init>:13 - mail page initialization...
21:01:26,984 DEBUG main Page:<init>:40 - mail page is created
21:01:26,986  INFO main LoginSteps:seeLogoutLink:69 - Test login...
21:01:32,008  INFO main LoginSteps:seeLogoutLink:73 - Login test is completed successfully
21:01:32,008 DEBUG main LoginSteps:checkIncomingMessages:85 - Check incoming messages presence...
21:01:32,194 DEBUG main Page:hasIncomingMessage:50 - There are 3 imcoming messages
21:01:33,006  INFO main Page:moveMessageToSpam:62 - Move to spam message: 25 мар
Поздравляем с Днём Рождения!У нас для вас подарок – откройте! Здравствуйте! Команда Почты Mail.Ru поздравляет вас с Днем Рождени
Почта Mail.Ru
21:01:33,180 DEBUG main LoginSteps:checkPopupConfirmation:106 - Wait message moving confirmation...
21:01:33,778 DEBUG main Page:isPopupMessageMovingOkAppears:72 - Popup with confirmation is appeared
21:01:33,778  INFO main Page:isPopupMessageMovingOkAppears:73 - Message is successfully moved.
21:01:39,953  INFO main Page:openSpam:95 - Open spam
21:01:40,773  INFO main Page:hasMovedMessageFromSpam:106 - Required message is found in spam
21:01:40,944 DEBUG main LoginSteps:checkPopupConfirmation:106 - Wait message moving confirmation...
21:01:41,569 DEBUG main Page:isPopupMessageMovingOkAppears:72 - Popup with confirmation is appeared
21:01:41,570  INFO main Page:isPopupMessageMovingOkAppears:73 - Message is successfully moved.
21:01:47,581  INFO main LoginSteps:afterClass:143 - Test is completed successfully!
21:15:07,079 DEBUG main Page:<init>:13 - login page initialization...
21:15:07,088 DEBUG main Page:<init>:52 - login page is created
21:15:07,088  INFO main LoginSteps:loadMainPage:38 - test is started...
21:15:09,018  INFO main LoginSteps:loginAsUserWithCredentials:45 - login test for user with id = 1
21:15:09,020 DEBUG main LogPassExpXPathFromDBFacade:checkConnection:53 - Database connection...
21:15:09,395 DEBUG main LogPassExpXPathFromDBFacade:checkConnection:57 - Login, password and expectedXpath are successfully extracted from database
21:15:09,968  INFO main LoginSteps:seeLogoutLink:69 - Test login...
21:15:16,066  INFO main LoginSteps:seeLogoutLink:73 - Login test is completed successfully
21:15:16,075  INFO main LoginSteps:afterClass:143 - Test is completed successfully!
21:15:18,921 DEBUG main Page:<init>:13 - login page initialization...
21:15:18,923 DEBUG main Page:<init>:52 - login page is created
21:15:18,923  INFO main LoginSteps:loadMainPage:38 - test is started...
21:15:20,511  INFO main LoginSteps:loginAsUserWithCredentials:45 - login test for user with id = 2
21:15:20,512 DEBUG main LogPassExpXPathFromDBFacade:checkConnection:53 - Database connection...
21:15:20,520 DEBUG main LogPassExpXPathFromDBFacade:checkConnection:57 - Login, password and expectedXpath are successfully extracted from database
21:15:21,012  INFO main LoginSteps:seeLogoutLink:69 - Test login...
21:15:21,699  INFO main LoginSteps:seeLogoutLink:73 - Login test is completed successfully
21:15:21,700  INFO main LoginSteps:afterClass:143 - Test is completed successfully!
21:15:24,627 DEBUG main Page:<init>:13 - login page initialization...
21:15:24,628 DEBUG main Page:<init>:52 - login page is created
21:15:24,628  INFO main LoginSteps:loadMainPage:38 - test is started...
21:15:26,441  INFO main LoginSteps:loginAsUserWithCredentials:45 - login test for user with id = 3
21:15:26,442 DEBUG main LogPassExpXPathFromDBFacade:checkConnection:53 - Database connection...
21:15:26,448 DEBUG main LogPassExpXPathFromDBFacade:checkConnection:57 - Login, password and expectedXpath are successfully extracted from database
21:15:26,929  INFO main LoginSteps:seeLogoutLink:69 - Test login...
21:15:27,522  INFO main LoginSteps:seeLogoutLink:73 - Login test is completed successfully
21:15:27,523  INFO main LoginSteps:afterClass:143 - Test is completed successfully!
21:15:30,393 DEBUG main Page:<init>:13 - login page initialization...
21:15:30,394 DEBUG main Page:<init>:52 - login page is created
21:15:30,394  INFO main LoginSteps:loadMainPage:38 - test is started...
21:15:31,664  INFO main LoginSteps:loginAsUserWithCredentials:45 - login test for user with id = 4
21:15:31,665 DEBUG main LogPassExpXPathFromDBFacade:checkConnection:53 - Database connection...
21:15:31,674 DEBUG main LogPassExpXPathFromDBFacade:checkConnection:57 - Login, password and expectedXpath are successfully extracted from database
21:15:32,317  INFO main LoginSteps:seeLogoutLink:69 - Test login...
21:15:32,395  INFO main LoginSteps:seeLogoutLink:73 - Login test is completed successfully
21:15:32,396  INFO main LoginSteps:afterClass:143 - Test is completed successfully!
21:15:35,228 DEBUG main Page:<init>:13 - login page initialization...
21:15:35,229 DEBUG main Page:<init>:52 - login page is created
21:15:35,229  INFO main LoginSteps:loadMainPage:38 - test is started...
21:15:36,630  INFO main LoginSteps:loginAsUserWithCredentials:45 - login test for user with id = 5
21:15:36,630 DEBUG main LogPassExpXPathFromDBFacade:checkConnection:53 - Database connection...
21:15:36,638 DEBUG main LogPassExpXPathFromDBFacade:checkConnection:57 - Login, password and expectedXpath are successfully extracted from database
21:15:36,910  INFO main LoginSteps:seeLogoutLink:69 - Test login...
21:15:36,975  INFO main LoginSteps:seeLogoutLink:73 - Login test is completed successfully
21:15:36,976  INFO main LoginSteps:afterClass:143 - Test is completed successfully!
21:15:39,806 DEBUG main Page:<init>:13 - login page initialization...
21:15:39,808 DEBUG main Page:<init>:52 - login page is created
21:15:39,808  INFO main LoginSteps:loadMainPage:38 - test is started...
21:15:41,487  INFO main LoginSteps:loginAsUserWithCredentials:45 - login test for user with id = 6
21:15:41,488 DEBUG main LogPassExpXPathFromDBFacade:checkConnection:53 - Database connection...
21:15:41,494 DEBUG main LogPassExpXPathFromDBFacade:checkConnection:57 - Login, password and expectedXpath are successfully extracted from database
21:15:41,867  INFO main LoginSteps:seeLogoutLink:69 - Test login...
21:15:41,938  INFO main LoginSteps:seeLogoutLink:73 - Login test is completed successfully
21:15:41,939  INFO main LoginSteps:afterClass:143 - Test is completed successfully!
21:15:44,816 DEBUG main Page:<init>:13 - login page initialization...
21:15:44,816 DEBUG main Page:<init>:52 - login page is created
21:15:44,816  INFO main LoginSteps:loadMainPage:38 - test is started...
21:15:47,211 DEBUG main Page:<init>:13 - mail page initialization...
21:15:47,225 DEBUG main Page:<init>:40 - mail page is created
21:15:47,226  INFO main LoginSteps:seeLogoutLink:69 - Test login...
21:15:52,211  INFO main LoginSteps:seeLogoutLink:73 - Login test is completed successfully
21:15:52,218 DEBUG main LoginSteps:checkIncomingMessages:85 - Check incoming messages presence...
21:15:52,383 DEBUG main Page:hasIncomingMessage:50 - There are 3 imcoming messages
21:15:52,815  INFO main Page:moveMessageToSpam:62 - Move to spam message: 25 мар
Поздравляем с Днём Рождения!У нас для вас подарок – откройте! Здравствуйте! Команда Почты Mail.Ru поздравляет вас с Днем Рождени
Почта Mail.Ru
21:15:52,962 DEBUG main LoginSteps:checkPopupConfirmation:106 - Wait message moving confirmation...
21:15:53,576 DEBUG main Page:isPopupMessageMovingOkAppears:72 - Popup with confirmation is appeared
21:15:53,576  INFO main Page:isPopupMessageMovingOkAppears:73 - Message is successfully moved.
21:15:59,701  INFO main Page:openSpam:95 - Open spam
21:16:00,522  INFO main Page:hasMovedMessageFromSpam:106 - Required message is found in spam
21:16:00,714 DEBUG main LoginSteps:checkPopupConfirmation:106 - Wait message moving confirmation...
21:16:01,303 DEBUG main Page:isPopupMessageMovingOkAppears:72 - Popup with confirmation is appeared
21:16:01,304  INFO main Page:isPopupMessageMovingOkAppears:73 - Message is successfully moved.
21:16:07,328  INFO main LoginSteps:afterClass:143 - Test is completed successfully!
21:16:10,189 DEBUG main Page:<init>:13 - login page initialization...
21:16:10,190 DEBUG main Page:<init>:52 - login page is created
21:16:10,190  INFO main LoginSteps:loadMainPage:38 - test is started...
21:16:12,851 DEBUG main Page:<init>:13 - mail page initialization...
21:16:12,852 DEBUG main Page:<init>:40 - mail page is created
21:16:12,852  INFO main LoginSteps:seeLogoutLink:69 - Test login...
21:16:17,977  INFO main LoginSteps:seeLogoutLink:73 - Login test is completed successfully
21:16:17,982 DEBUG main LoginSteps:checkIncomingMessages:85 - Check incoming messages presence...
21:16:18,026 DEBUG main Page:hasIncomingMessage:50 - There are 2 imcoming messages
21:16:18,026  INFO main LoginSteps:afterClass:143 - Test is completed successfully!
21:22:15,068 DEBUG main Page:<init>:13 - login page initialization...
21:22:15,098 DEBUG main Page:<init>:52 - login page is created
21:22:15,098  INFO main LoginSteps:loadMainPage:38 - test is started...
21:22:17,322 DEBUG main Page:<init>:13 - mail page initialization...
21:22:17,356 DEBUG main Page:<init>:40 - mail page is created
21:22:17,357  INFO main LoginSteps:seeLogoutLink:69 - Test login...
21:22:22,329  INFO main LoginSteps:seeLogoutLink:73 - Login test is completed successfully
21:22:22,330 DEBUG main LoginSteps:checkIncomingMessages:85 - Check incoming messages presence...
21:22:22,536 DEBUG main Page:hasIncomingMessage:50 - There are 3 imcoming messages
21:22:22,913  INFO main Page:moveMessageToSpam:62 - Move to spam message: 25 мар
Поздравляем с Днём Рождения!У нас для вас подарок – откройте! Здравствуйте! Команда Почты Mail.Ru поздравляет вас с Днем Рождени
Почта Mail.Ru
21:22:23,089 DEBUG main LoginSteps:checkPopupConfirmation:106 - Wait message moving confirmation...
21:22:23,675 DEBUG main Page:isPopupMessageMovingOkAppears:72 - Popup with confirmation is appeared
21:22:23,675  INFO main Page:isPopupMessageMovingOkAppears:73 - Message is successfully moved.
21:22:29,737  INFO main Page:openSpam:95 - Open spam
21:22:30,560  INFO main Page:hasMovedMessageFromSpam:106 - Required message is found in spam
21:22:30,740 DEBUG main LoginSteps:checkPopupConfirmation:106 - Wait message moving confirmation...
21:22:31,319 DEBUG main Page:isPopupMessageMovingOkAppears:72 - Popup with confirmation is appeared
21:22:31,319  INFO main Page:isPopupMessageMovingOkAppears:73 - Message is successfully moved.
21:22:37,322  INFO main LoginSteps:afterClass:143 - Test is completed successfully!
21:22:40,292 DEBUG main Page:<init>:13 - login page initialization...
21:22:40,293 DEBUG main Page:<init>:52 - login page is created
21:22:40,293  INFO main LoginSteps:loadMainPage:38 - test is started...
21:22:42,440 DEBUG main Page:<init>:13 - mail page initialization...
21:22:42,441 DEBUG main Page:<init>:40 - mail page is created
21:22:42,442  INFO main LoginSteps:seeLogoutLink:69 - Test login...
21:22:47,901  INFO main LoginSteps:seeLogoutLink:73 - Login test is completed successfully
21:22:47,904 DEBUG main LoginSteps:checkIncomingMessages:85 - Check incoming messages presence...
21:22:48,013 DEBUG main Page:hasIncomingMessage:50 - There are 3 imcoming messages
21:22:48,014  INFO main LoginSteps:afterClass:143 - Test is completed successfully!
22:18:50,742 DEBUG main Page:<init>:13 - login page initialization...
22:18:50,752 DEBUG main Page:<init>:52 - login page is created
22:18:50,752  INFO main LoginSteps:parseMessagesFromXML:39 - Extract masseges from messages.xml
22:18:50,830  INFO main LoginSteps:loadMainPage:46 - test is started...
22:18:53,211 DEBUG main Page:<init>:13 - mail page initialization...
22:18:53,244 DEBUG main Page:<init>:40 - mail page is created
22:18:53,247  INFO main LoginSteps:seeLogoutLink:77 - Test login...
22:18:58,193  INFO main LoginSteps:seeLogoutLink:81 - Login test is completed successfully
22:18:58,194 DEBUG main LoginSteps:checkIncomingMessages:93 - Check incoming messages presence...
22:18:58,336 DEBUG main Page:hasIncomingMessage:50 - There are 3 imcoming messages
22:18:58,337  INFO main LoginSteps:afterClass:151 - Test is completed!
22:19:01,227 DEBUG main Page:<init>:13 - login page initialization...
22:19:01,229 DEBUG main Page:<init>:52 - login page is created
22:19:01,229  INFO main LoginSteps:loadMainPage:46 - test is started...
22:19:03,178 DEBUG main Page:<init>:13 - mail page initialization...
22:19:03,178 DEBUG main Page:<init>:40 - mail page is created
22:19:03,180  INFO main LoginSteps:seeLogoutLink:77 - Test login...
22:19:07,586  INFO main LoginSteps:seeLogoutLink:81 - Login test is completed successfully
22:19:07,586  INFO main LoginSteps:afterClass:151 - Test is completed!
22:21:30,015 DEBUG main Page:<init>:13 - login page initialization...
22:21:30,043 DEBUG main Page:<init>:52 - login page is created
22:21:30,043  INFO main LoginSteps:loadMainPage:46 - test is started...
22:21:32,098 DEBUG main Page:<init>:13 - mail page initialization...
22:21:32,139 DEBUG main Page:<init>:40 - mail page is created
22:21:32,140  INFO main LoginSteps:seeLogoutLink:77 - Test login...
22:21:56,351  INFO main LoginSteps:seeLogoutLink:81 - Login test is completed successfully
22:21:56,354 DEBUG main LoginSteps:checkIncomingMessages:93 - Check incoming messages presence...
22:21:56,403 DEBUG main Page:hasIncomingMessage:50 - There are 3 imcoming messages
22:21:56,403  INFO main LoginSteps:afterClass:151 - Test is completed!
22:21:59,252 DEBUG main Page:<init>:13 - login page initialization...
22:21:59,253 DEBUG main Page:<init>:52 - login page is created
22:21:59,254  INFO main LoginSteps:getMessagesFromXML:39 - Extract masseges from messages.xml
22:21:59,254  INFO main LoginSteps:loadMainPage:46 - test is started...
22:22:01,848 DEBUG main Page:<init>:13 - mail page initialization...
22:22:01,849 DEBUG main Page:<init>:40 - mail page is created
22:22:01,851  INFO main LoginSteps:seeLogoutLink:77 - Test login...
22:22:06,784  INFO main LoginSteps:seeLogoutLink:81 - Login test is completed successfully
22:22:06,789  INFO main LoginSteps:afterClass:151 - Test is completed!
00:30:15,011 DEBUG main Page:<init>:13 - login page initialization...
00:30:15,041 DEBUG main Page:<init>:52 - login page is created
00:30:15,041  INFO main LoginSteps:loadMainPage:85 - test is started...
00:30:18,969 DEBUG main Page:<init>:13 - mail page initialization...
00:30:19,004 DEBUG main Page:<init>:40 - mail page is created
00:30:19,005  INFO main LoginSteps:seeLogoutLink:116 - Test login...
00:30:23,831  INFO main LoginSteps:seeLogoutLink:120 - Login test is completed successfully
00:30:23,835 DEBUG main LoginSteps:checkIncomingMessages:132 - Check incoming messages presence...
00:30:24,002 DEBUG main Page:hasIncomingMessage:50 - There are 3 imcoming messages
00:30:24,003  INFO main LoginSteps:afterClass:190 - Test is completed!
00:30:26,896 DEBUG main Page:<init>:13 - login page initialization...
00:30:26,897 DEBUG main Page:<init>:52 - login page is created
00:30:26,898  INFO main LoginSteps:getMessagesFromXML:54 - Extract masseges from messages.xml
00:30:26,947 ERROR main LoginSteps:getMessagesFromXML:66 - Error: File messages.xml is not found.
00:30:26,947  INFO main LoginSteps:loadMainPage:85 - test is started...
00:30:28,696 DEBUG main Page:<init>:13 - mail page initialization...
00:30:28,698 DEBUG main Page:<init>:40 - mail page is created
00:30:28,699  INFO main LoginSteps:seeLogoutLink:116 - Test login...
00:30:33,085  INFO main LoginSteps:seeLogoutLink:120 - Login test is completed successfully
00:30:33,094  INFO main LoginSteps:afterClass:190 - Test is completed!
00:35:35,012 DEBUG main Page:<init>:13 - login page initialization...
00:35:35,044 DEBUG main Page:<init>:52 - login page is created
00:35:35,044  INFO main LoginSteps:loadMainPage:86 - test is started...
00:35:37,023 DEBUG main Page:<init>:13 - mail page initialization...
00:35:37,056 DEBUG main Page:<init>:40 - mail page is created
00:35:37,056  INFO main LoginSteps:seeLogoutLink:117 - Test login...
00:35:41,525  INFO main LoginSteps:seeLogoutLink:121 - Login test is completed successfully
00:35:41,527 DEBUG main LoginSteps:checkIncomingMessages:133 - Check incoming messages presence...
00:35:41,607 DEBUG main Page:hasIncomingMessage:50 - There are 3 imcoming messages
00:35:41,607  INFO main LoginSteps:afterClass:191 - Test is completed!
00:35:44,637 DEBUG main Page:<init>:13 - login page initialization...
00:35:44,639 DEBUG main Page:<init>:52 - login page is created
00:35:44,639  INFO main LoginSteps:getMessagesFromXML:54 - Extract masseges from messages.xml
00:35:44,640 DEBUG main LoginSteps:getMessagesFromXML:57 - Dom parser is started...
00:35:44,640  INFO main LoginSteps:getMessagesFromXML:58 -  ============================== DOM parser =========================
00:35:44,687  INFO main LoginSteps:lambda$0:63 - Message:  to=esalana@tut.by subject=Test1 msgbody=It's a test message!
00:35:44,687  INFO main LoginSteps:lambda$0:63 - Message:  to=syermolinskaya@mail.ru subject=Test2 msgbody=Hello! It's me!
00:35:44,687  INFO main LoginSteps:loadMainPage:86 - test is started...
00:35:46,768 DEBUG main Page:<init>:13 - mail page initialization...
00:35:46,769 DEBUG main Page:<init>:40 - mail page is created
00:35:46,770  INFO main LoginSteps:seeLogoutLink:117 - Test login...
00:35:51,698  INFO main LoginSteps:seeLogoutLink:121 - Login test is completed successfully
00:35:51,699  INFO main LoginSteps:afterClass:191 - Test is completed!
00:44:42,050 DEBUG main Page:<init>:13 - login page initialization...
00:44:42,080 DEBUG main Page:<init>:52 - login page is created
00:44:42,080  INFO main LoginSteps:loadMainPage:86 - test is started...
00:44:44,056 DEBUG main Page:<init>:13 - mail page initialization...
00:44:44,088 DEBUG main Page:<init>:40 - mail page is created
00:44:44,089  INFO main LoginSteps:seeLogoutLink:117 - Test login...
00:44:48,893  INFO main LoginSteps:seeLogoutLink:121 - Login test is completed successfully
00:44:48,898 DEBUG main LoginSteps:checkIncomingMessages:133 - Check incoming messages presence...
00:44:49,098 DEBUG main Page:hasIncomingMessage:50 - There are 3 imcoming messages
00:44:49,098  INFO main LoginSteps:afterClass:191 - Test is completed!
10:22:01,428 DEBUG main Page:<init>:13 - login page initialization...
10:22:01,442 DEBUG main Page:<init>:52 - login page is created
10:22:01,458  INFO main LoginSteps:loadMainPage:86 - test is started...
10:22:03,443 DEBUG main Page:<init>:13 - mail page initialization...
10:22:03,473 DEBUG main Page:<init>:43 - mail page is created
10:22:03,474  INFO main LoginSteps:seeLogoutLink:117 - Test login...
10:22:08,341  INFO main LoginSteps:seeLogoutLink:121 - Login test is completed successfully
10:22:08,343 DEBUG main LoginSteps:checkIncomingMessages:133 - Check incoming messages presence...
10:22:08,482 DEBUG main Page:hasIncomingMessage:53 - There are 3 imcoming messages
10:22:09,104  INFO main LoginSteps:afterClass:197 - Test is completed!
10:24:49,230 DEBUG main Page:<init>:13 - login page initialization...
10:24:49,263 DEBUG main Page:<init>:52 - login page is created
10:24:49,263  INFO main LoginSteps:loadMainPage:86 - test is started...
10:24:51,237 DEBUG main Page:<init>:13 - mail page initialization...
10:24:51,266 DEBUG main Page:<init>:43 - mail page is created
10:24:51,267  INFO main LoginSteps:seeLogoutLink:117 - Test login...
10:24:55,731  INFO main LoginSteps:seeLogoutLink:121 - Login test is completed successfully
10:24:55,732 DEBUG main LoginSteps:checkIncomingMessages:133 - Check incoming messages presence...
10:24:55,763 DEBUG main Page:hasIncomingMessage:53 - There are 3 imcoming messages
10:24:56,369  INFO main LoginSteps:afterClass:197 - Test is completed!
10:27:45,426 DEBUG main Page:<init>:13 - login page initialization...
10:27:45,457 DEBUG main Page:<init>:52 - login page is created
10:27:45,457  INFO main LoginSteps:loadMainPage:86 - test is started...
10:27:47,367 DEBUG main Page:<init>:13 - mail page initialization...
10:27:47,400 DEBUG main Page:<init>:43 - mail page is created
10:27:47,400  INFO main LoginSteps:seeLogoutLink:117 - Test login...
10:28:04,437  INFO main LoginSteps:seeLogoutLink:121 - Login test is completed successfully
10:28:04,448 DEBUG main LoginSteps:checkIncomingMessages:133 - Check incoming messages presence...
10:28:04,498 DEBUG main Page:hasIncomingMessage:53 - There are 3 imcoming messages
10:28:04,498  INFO main LoginSteps:afterClass:197 - Test is completed!
10:31:35,921 DEBUG main Page:<init>:13 - login page initialization...
10:31:35,940 DEBUG main Page:<init>:52 - login page is created
10:31:35,956  INFO main LoginSteps:loadMainPage:86 - test is started...
10:31:37,945 DEBUG main Page:<init>:13 - mail page initialization...
10:31:37,977 DEBUG main Page:<init>:43 - mail page is created
10:31:37,978  INFO main LoginSteps:seeLogoutLink:117 - Test login...
10:31:42,698  INFO main LoginSteps:seeLogoutLink:121 - Login test is completed successfully
10:31:42,701 DEBUG main LoginSteps:checkIncomingMessages:133 - Check incoming messages presence...
10:31:42,881 DEBUG main Page:hasIncomingMessage:53 - There are 3 imcoming messages
10:31:43,443  INFO main LoginSteps:afterClass:195 - Test is completed!
10:56:02,919 DEBUG main Page:<init>:13 - login page initialization...
10:56:02,949 DEBUG main Page:<init>:52 - login page is created
10:56:02,949  INFO main LoginSteps:loadMainPage:86 - test is started...
10:56:05,348 DEBUG main Page:<init>:13 - mail page initialization...
10:56:05,378 DEBUG main Page:<init>:43 - mail page is created
10:56:05,379  INFO main LoginSteps:seeLogoutLink:117 - Test login...
10:56:10,332  INFO main LoginSteps:seeLogoutLink:121 - Login test is completed successfully
10:56:10,334 DEBUG main LoginSteps:checkIncomingMessages:133 - Check incoming messages presence...
10:56:10,382 DEBUG main Page:hasIncomingMessage:53 - There are 3 imcoming messages
10:56:10,382 DEBUG main Page:selectMessages:171 - Messages selection is started
10:56:10,896  INFO main Page:selectMessages:180 - Message 1 is selected
10:56:11,012  INFO main Page:selectMessages:180 - Message 2 is selected
10:56:11,013  INFO main Page:selectMessages:192 - All messages are selected
10:56:11,013  INFO main LoginSteps:afterClass:195 - Test is completed!
10:58:03,792 DEBUG main Page:<init>:13 - login page initialization...
10:58:03,813 DEBUG main Page:<init>:52 - login page is created
10:58:03,813  INFO main LoginSteps:loadMainPage:86 - test is started...
10:58:07,978 DEBUG main Page:<init>:13 - mail page initialization...
10:58:08,012 DEBUG main Page:<init>:43 - mail page is created
10:58:08,014  INFO main LoginSteps:seeLogoutLink:117 - Test login...
10:58:21,503  INFO main LoginSteps:seeLogoutLink:121 - Login test is completed successfully
10:58:21,509 DEBUG main LoginSteps:checkIncomingMessages:133 - Check incoming messages presence...
10:58:21,558 DEBUG main Page:hasIncomingMessage:53 - There are 3 imcoming messages
10:58:21,558 DEBUG main Page:selectMessages:171 - Messages selection is started
10:58:21,733 DEBUG main Page:selectMessages:180 - Message 1 is selected
10:58:21,855 DEBUG main Page:selectMessages:180 - Message 2 is selected
10:58:21,985 DEBUG main Page:selectMessages:180 - Message 3 is selected
10:58:22,028  INFO main LoginSteps:afterClass:195 - Test is completed!
10:59:53,196 DEBUG main Page:<init>:13 - login page initialization...
10:59:53,227 DEBUG main Page:<init>:52 - login page is created
10:59:53,227  INFO main LoginSteps:loadMainPage:86 - test is started...
10:59:55,439 DEBUG main Page:<init>:13 - mail page initialization...
10:59:55,468 DEBUG main Page:<init>:43 - mail page is created
10:59:55,469  INFO main LoginSteps:seeLogoutLink:117 - Test login...
11:00:00,718  INFO main LoginSteps:seeLogoutLink:121 - Login test is completed successfully
11:00:00,719 DEBUG main LoginSteps:checkIncomingMessages:133 - Check incoming messages presence...
11:00:00,781 DEBUG main Page:hasIncomingMessage:53 - There are 3 imcoming messages
11:00:00,781 DEBUG main Page:selectMessages:171 - Messages selection is started
11:00:01,301 DEBUG main Page:selectMessages:180 - Message 1 is selected
11:00:01,439 DEBUG main Page:selectMessages:180 - Message 2 is selected
11:00:01,580 DEBUG main Page:selectMessages:180 - Message 3 is selected
11:00:01,604  WARN main Page:selectMessages:201 - Message selection is completed. Number of required selected message is less than available messages
11:00:01,609  INFO main LoginSteps:afterClass:195 - Test is completed!
11:04:08,693 DEBUG main Page:<init>:13 - login page initialization...
11:04:08,725 DEBUG main Page:<init>:52 - login page is created
11:04:08,725  INFO main LoginSteps:loadMainPage:86 - test is started...
11:04:11,048 DEBUG main Page:<init>:13 - mail page initialization...
11:04:11,081 DEBUG main Page:<init>:43 - mail page is created
11:04:11,082  INFO main LoginSteps:seeLogoutLink:117 - Test login...
11:04:15,796  INFO main LoginSteps:seeLogoutLink:121 - Login test is completed successfully
11:04:15,796 DEBUG main LoginSteps:checkIncomingMessages:133 - Check incoming messages presence...
11:04:15,927 DEBUG main Page:hasIncomingMessage:53 - There are 3 imcoming messages
11:04:15,928 DEBUG main Page:selectMessages:171 - Messages selection is started
11:04:16,363 DEBUG main Page:selectMessages:180 - Message 1 is selected
11:04:16,491 DEBUG main Page:selectMessages:180 - Message 2 is selected
11:04:16,622 DEBUG main Page:selectMessages:180 - Message 3 is selected
11:04:16,637  WARN main Page:selectMessages:201 - Message selection is completed. Number of required selected message is less than available messages
11:04:16,637 ERROR main LoginSteps:checkMessages:195 - Error: number of selected messages is less than required
11:04:16,641  INFO main LoginSteps:afterClass:203 - Test is completed!
11:13:44,372 DEBUG main Page:<init>:13 - login page initialization...
11:13:44,402 DEBUG main Page:<init>:51 - login page is created
11:13:44,402  INFO main LoginSteps:loadMainPage:86 - test is started...
11:13:46,721 DEBUG main Page:<init>:13 - mail page initialization...
11:13:46,756 DEBUG main Page:<init>:43 - mail page is created
11:13:46,759  INFO main LoginSteps:seeLogoutLink:117 - Test login...
11:13:51,314  INFO main LoginSteps:seeLogoutLink:121 - Login test is completed successfully
11:13:51,315 DEBUG main LoginSteps:checkIncomingMessages:133 - Check incoming messages presence...
11:13:51,457 DEBUG main Page:hasIncomingMessage:53 - There are 3 imcoming messages
11:13:51,458 DEBUG main Page:selectMessages:171 - Messages selection is started
11:13:51,895 DEBUG main Page:selectMessages:180 - Message 1 is selected
11:13:52,015 DEBUG main Page:selectMessages:180 - Message 2 is selected
11:13:52,162 DEBUG main Page:selectMessages:180 - Message 3 is selected
11:13:52,162  INFO main Page:selectMessages:192 - All messages are selected
11:13:52,162  INFO main LoginSteps:afterClass:203 - Test is completed!
11:15:20,135 DEBUG main Page:<init>:13 - login page initialization...
11:15:20,148 DEBUG main Page:<init>:51 - login page is created
11:15:20,164  INFO main LoginSteps:loadMainPage:86 - test is started...
11:15:21,462  INFO main LoginSteps:loginAsUserWithCredentials:93 - login test for user with id = 1
11:15:21,463 DEBUG main LogPassExpXPathFromDBFacade:checkConnection:53 - Database connection...
11:15:21,853 DEBUG main LogPassExpXPathFromDBFacade:checkConnection:57 - Login, password and expectedXpath are successfully extracted from database
11:15:22,408  INFO main LoginSteps:seeLogoutLink:117 - Test login...
11:15:27,423  INFO main LoginSteps:seeLogoutLink:121 - Login test is completed successfully
11:15:27,433  INFO main LoginSteps:afterClass:203 - Test is completed!
11:15:27,434 DEBUG main Page:<init>:13 - login page initialization...
11:15:27,435 DEBUG main Page:<init>:51 - login page is created
11:15:27,435  INFO main LoginSteps:loadMainPage:86 - test is started...
11:15:28,279  INFO main LoginSteps:loginAsUserWithCredentials:93 - login test for user with id = 2
11:15:28,279 DEBUG main LogPassExpXPathFromDBFacade:checkConnection:53 - Database connection...
11:15:28,287 DEBUG main LogPassExpXPathFromDBFacade:checkConnection:57 - Login, password and expectedXpath are successfully extracted from database
11:15:28,399  INFO main LoginSteps:afterClass:203 - Test is completed!
11:15:28,402 DEBUG main Page:<init>:13 - login page initialization...
11:15:28,408 DEBUG main Page:<init>:51 - login page is created
11:15:28,408  INFO main LoginSteps:loadMainPage:86 - test is started...
11:15:29,285  INFO main LoginSteps:loginAsUserWithCredentials:93 - login test for user with id = 3
11:15:29,286 DEBUG main LogPassExpXPathFromDBFacade:checkConnection:53 - Database connection...
11:15:29,296 DEBUG main LogPassExpXPathFromDBFacade:checkConnection:57 - Login, password and expectedXpath are successfully extracted from database
11:15:29,495  INFO main LoginSteps:afterClass:203 - Test is completed!
11:15:29,496 DEBUG main Page:<init>:13 - login page initialization...
11:15:29,497 DEBUG main Page:<init>:51 - login page is created
11:15:29,497  INFO main LoginSteps:loadMainPage:86 - test is started...
11:15:30,402  INFO main LoginSteps:loginAsUserWithCredentials:93 - login test for user with id = 4
11:15:30,403 DEBUG main LogPassExpXPathFromDBFacade:checkConnection:53 - Database connection...
11:15:30,411 DEBUG main LogPassExpXPathFromDBFacade:checkConnection:57 - Login, password and expectedXpath are successfully extracted from database
11:15:30,437  INFO main LoginSteps:afterClass:203 - Test is completed!
11:15:30,439 DEBUG main Page:<init>:13 - login page initialization...
11:15:30,440 DEBUG main Page:<init>:51 - login page is created
11:15:30,440  INFO main LoginSteps:loadMainPage:86 - test is started...
11:15:31,106  INFO main LoginSteps:loginAsUserWithCredentials:93 - login test for user with id = 5
11:15:31,106 DEBUG main LogPassExpXPathFromDBFacade:checkConnection:53 - Database connection...
11:15:31,112 DEBUG main LogPassExpXPathFromDBFacade:checkConnection:57 - Login, password and expectedXpath are successfully extracted from database
11:15:31,132  INFO main LoginSteps:afterClass:203 - Test is completed!
11:15:31,133 DEBUG main Page:<init>:13 - login page initialization...
11:15:31,133 DEBUG main Page:<init>:51 - login page is created
11:15:31,134  INFO main LoginSteps:loadMainPage:86 - test is started...
11:15:32,217  INFO main LoginSteps:loginAsUserWithCredentials:93 - login test for user with id = 6
11:15:32,217 DEBUG main LogPassExpXPathFromDBFacade:checkConnection:53 - Database connection...
11:15:32,224 DEBUG main LogPassExpXPathFromDBFacade:checkConnection:57 - Login, password and expectedXpath are successfully extracted from database
11:15:32,241  INFO main LoginSteps:afterClass:203 - Test is completed!
11:22:25,950 DEBUG main Page:<init>:13 - login page initialization...
11:22:25,963 DEBUG main Page:<init>:52 - login page is created
11:22:25,979  INFO main LoginSteps:loadMainPage:86 - test is started...
11:22:27,360  INFO main LoginSteps:loginAsUserWithCredentials:93 - login test for user with id = 1
11:22:27,361 DEBUG main LogPassExpXPathFromDBFacade:checkConnection:53 - Database connection...
11:22:27,745 DEBUG main LogPassExpXPathFromDBFacade:checkConnection:57 - Login, password and expectedXpath are successfully extracted from database
11:22:28,229  INFO main LoginSteps:seeLogoutLink:117 - Test login...
11:22:33,751  INFO main LoginSteps:seeLogoutLink:121 - Login test is completed successfully
11:22:33,752  INFO main LoginSteps:afterClass:203 - Test is completed!
11:22:33,752 DEBUG main Page:<init>:13 - login page initialization...
11:22:33,754 DEBUG main Page:<init>:52 - login page is created
11:22:33,754  INFO main LoginSteps:loadMainPage:86 - test is started...
11:22:34,840  INFO main LoginSteps:loginAsUserWithCredentials:93 - login test for user with id = 2
11:22:34,840 DEBUG main LogPassExpXPathFromDBFacade:checkConnection:53 - Database connection...
11:22:34,847 DEBUG main LogPassExpXPathFromDBFacade:checkConnection:57 - Login, password and expectedXpath are successfully extracted from database
11:22:35,114 ERROR main Page:enterLoginAndPass:66 - no such element: Unable to locate element: {"method":"id","selector":"mailbox:login"}
  (Session info: chrome=73.0.3683.103)
  (Driver info: chromedriver=73.0.3683.68 (47787ec04b6e38e22703e856e101e840b65afe72),platform=Windows NT 10.0.17134 x86_64) (WARNING: The server did not provide any stacktrace information)
Command duration or timeout: 0 milliseconds
For documentation on this error, please visit: https://www.seleniumhq.org/exceptions/no_such_element.html
Build info: version: '3.141.59', revision: 'e82be7d358', time: '2018-11-14T08:17:03'
System info: host: 'LAPTOP-O1540MOJ', ip: '192.168.100.56', os.name: 'Windows 10', os.arch: 'amd64', os.version: '10.0', java.version: '1.8.0_201'
Driver info: org.openqa.selenium.chrome.ChromeDriver
Capabilities {acceptInsecureCerts: false, acceptSslCerts: false, applicationCacheEnabled: false, browserConnectionEnabled: false, browserName: chrome, chrome: {chromedriverVersion: 73.0.3683.68 (47787ec04b6e3..., userDataDir: C:\Users\Asus\AppData\Local...}, cssSelectorsEnabled: true, databaseEnabled: false, goog:chromeOptions: {debuggerAddress: localhost:58937}, handlesAlerts: true, hasTouchScreen: false, javascriptEnabled: true, locationContextEnabled: true, mobileEmulationEnabled: false, nativeEvents: true, networkConnectionEnabled: false, pageLoadStrategy: normal, platform: XP, platformName: XP, proxy: Proxy(), rotatable: false, setWindowRect: true, strictFileInteractability: false, takesHeapSnapshot: true, takesScreenshot: true, timeouts: {implicit: 0, pageLoad: 300000, script: 30000}, unexpectedAlertBehaviour: ignore, unhandledPromptBehavior: ignore, version: 73.0.3683.103, webStorageEnabled: true}
Session ID: 094b774b4a1f58bf091e696b04421610
*** Element info: {Using=id, value=mailbox:login}
11:22:35,123  INFO main LoginSteps:afterClass:203 - Test is completed!
11:22:35,126 DEBUG main Page:<init>:13 - login page initialization...
11:22:35,127 DEBUG main Page:<init>:52 - login page is created
11:22:35,127  INFO main LoginSteps:loadMainPage:86 - test is started...
11:22:36,206  INFO main LoginSteps:loginAsUserWithCredentials:93 - login test for user with id = 3
11:22:36,206 DEBUG main LogPassExpXPathFromDBFacade:checkConnection:53 - Database connection...
11:22:36,211 DEBUG main LogPassExpXPathFromDBFacade:checkConnection:57 - Login, password and expectedXpath are successfully extracted from database
11:22:36,224 ERROR main Page:enterLoginAndPass:66 - no such element: Unable to locate element: {"method":"id","selector":"mailbox:login"}
  (Session info: chrome=73.0.3683.103)
  (Driver info: chromedriver=73.0.3683.68 (47787ec04b6e38e22703e856e101e840b65afe72),platform=Windows NT 10.0.17134 x86_64) (WARNING: The server did not provide any stacktrace information)
Command duration or timeout: 0 milliseconds
For documentation on this error, please visit: https://www.seleniumhq.org/exceptions/no_such_element.html
Build info: version: '3.141.59', revision: 'e82be7d358', time: '2018-11-14T08:17:03'
System info: host: 'LAPTOP-O1540MOJ', ip: '192.168.100.56', os.name: 'Windows 10', os.arch: 'amd64', os.version: '10.0', java.version: '1.8.0_201'
Driver info: org.openqa.selenium.chrome.ChromeDriver
Capabilities {acceptInsecureCerts: false, acceptSslCerts: false, applicationCacheEnabled: false, browserConnectionEnabled: false, browserName: chrome, chrome: {chromedriverVersion: 73.0.3683.68 (47787ec04b6e3..., userDataDir: C:\Users\Asus\AppData\Local...}, cssSelectorsEnabled: true, databaseEnabled: false, goog:chromeOptions: {debuggerAddress: localhost:58937}, handlesAlerts: true, hasTouchScreen: false, javascriptEnabled: true, locationContextEnabled: true, mobileEmulationEnabled: false, nativeEvents: true, networkConnectionEnabled: false, pageLoadStrategy: normal, platform: XP, platformName: XP, proxy: Proxy(), rotatable: false, setWindowRect: true, strictFileInteractability: false, takesHeapSnapshot: true, takesScreenshot: true, timeouts: {implicit: 0, pageLoad: 300000, script: 30000}, unexpectedAlertBehaviour: ignore, unhandledPromptBehavior: ignore, version: 73.0.3683.103, webStorageEnabled: true}
Session ID: 094b774b4a1f58bf091e696b04421610
*** Element info: {Using=id, value=mailbox:login}
11:22:36,226  INFO main LoginSteps:afterClass:203 - Test is completed!
11:22:36,227 DEBUG main Page:<init>:13 - login page initialization...
11:22:36,227 DEBUG main Page:<init>:52 - login page is created
11:22:36,228  INFO main LoginSteps:loadMainPage:86 - test is started...
11:22:37,268  INFO main LoginSteps:loginAsUserWithCredentials:93 - login test for user with id = 4
11:22:37,268 DEBUG main LogPassExpXPathFromDBFacade:checkConnection:53 - Database connection...
11:22:37,275 DEBUG main LogPassExpXPathFromDBFacade:checkConnection:57 - Login, password and expectedXpath are successfully extracted from database
11:22:37,328 ERROR main Page:enterLoginAndPass:66 - no such element: Unable to locate element: {"method":"id","selector":"mailbox:login"}
  (Session info: chrome=73.0.3683.103)
  (Driver info: chromedriver=73.0.3683.68 (47787ec04b6e38e22703e856e101e840b65afe72),platform=Windows NT 10.0.17134 x86_64) (WARNING: The server did not provide any stacktrace information)
Command duration or timeout: 0 milliseconds
For documentation on this error, please visit: https://www.seleniumhq.org/exceptions/no_such_element.html
Build info: version: '3.141.59', revision: 'e82be7d358', time: '2018-11-14T08:17:03'
System info: host: 'LAPTOP-O1540MOJ', ip: '192.168.100.56', os.name: 'Windows 10', os.arch: 'amd64', os.version: '10.0', java.version: '1.8.0_201'
Driver info: org.openqa.selenium.chrome.ChromeDriver
Capabilities {acceptInsecureCerts: false, acceptSslCerts: false, applicationCacheEnabled: false, browserConnectionEnabled: false, browserName: chrome, chrome: {chromedriverVersion: 73.0.3683.68 (47787ec04b6e3..., userDataDir: C:\Users\Asus\AppData\Local...}, cssSelectorsEnabled: true, databaseEnabled: false, goog:chromeOptions: {debuggerAddress: localhost:58937}, handlesAlerts: true, hasTouchScreen: false, javascriptEnabled: true, locationContextEnabled: true, mobileEmulationEnabled: false, nativeEvents: true, networkConnectionEnabled: false, pageLoadStrategy: normal, platform: XP, platformName: XP, proxy: Proxy(), rotatable: false, setWindowRect: true, strictFileInteractability: false, takesHeapSnapshot: true, takesScreenshot: true, timeouts: {implicit: 0, pageLoad: 300000, script: 30000}, unexpectedAlertBehaviour: ignore, unhandledPromptBehavior: ignore, version: 73.0.3683.103, webStorageEnabled: true}
Session ID: 094b774b4a1f58bf091e696b04421610
*** Element info: {Using=id, value=mailbox:login}
11:22:37,331  INFO main LoginSteps:afterClass:203 - Test is completed!
11:22:37,332 DEBUG main Page:<init>:13 - login page initialization...
11:22:37,333 DEBUG main Page:<init>:52 - login page is created
11:22:37,334  INFO main LoginSteps:loadMainPage:86 - test is started...
11:22:38,123  INFO main LoginSteps:loginAsUserWithCredentials:93 - login test for user with id = 5
11:22:38,123 DEBUG main LogPassExpXPathFromDBFacade:checkConnection:53 - Database connection...
11:22:38,130 DEBUG main LogPassExpXPathFromDBFacade:checkConnection:57 - Login, password and expectedXpath are successfully extracted from database
11:22:38,314 ERROR main Page:enterLoginAndPass:66 - no such element: Unable to locate element: {"method":"id","selector":"mailbox:login"}
  (Session info: chrome=73.0.3683.103)
  (Driver info: chromedriver=73.0.3683.68 (47787ec04b6e38e22703e856e101e840b65afe72),platform=Windows NT 10.0.17134 x86_64) (WARNING: The server did not provide any stacktrace information)
Command duration or timeout: 0 milliseconds
For documentation on this error, please visit: https://www.seleniumhq.org/exceptions/no_such_element.html
Build info: version: '3.141.59', revision: 'e82be7d358', time: '2018-11-14T08:17:03'
System info: host: 'LAPTOP-O1540MOJ', ip: '192.168.100.56', os.name: 'Windows 10', os.arch: 'amd64', os.version: '10.0', java.version: '1.8.0_201'
Driver info: org.openqa.selenium.chrome.ChromeDriver
Capabilities {acceptInsecureCerts: false, acceptSslCerts: false, applicationCacheEnabled: false, browserConnectionEnabled: false, browserName: chrome, chrome: {chromedriverVersion: 73.0.3683.68 (47787ec04b6e3..., userDataDir: C:\Users\Asus\AppData\Local...}, cssSelectorsEnabled: true, databaseEnabled: false, goog:chromeOptions: {debuggerAddress: localhost:58937}, handlesAlerts: true, hasTouchScreen: false, javascriptEnabled: true, locationContextEnabled: true, mobileEmulationEnabled: false, nativeEvents: true, networkConnectionEnabled: false, pageLoadStrategy: normal, platform: XP, platformName: XP, proxy: Proxy(), rotatable: false, setWindowRect: true, strictFileInteractability: false, takesHeapSnapshot: true, takesScreenshot: true, timeouts: {implicit: 0, pageLoad: 300000, script: 30000}, unexpectedAlertBehaviour: ignore, unhandledPromptBehavior: ignore, version: 73.0.3683.103, webStorageEnabled: true}
Session ID: 094b774b4a1f58bf091e696b04421610
*** Element info: {Using=id, value=mailbox:login}
11:22:38,318  INFO main LoginSteps:afterClass:203 - Test is completed!
11:22:38,318 DEBUG main Page:<init>:13 - login page initialization...
11:22:38,319 DEBUG main Page:<init>:52 - login page is created
11:22:38,319  INFO main LoginSteps:loadMainPage:86 - test is started...
11:22:38,948  INFO main LoginSteps:loginAsUserWithCredentials:93 - login test for user with id = 6
11:22:38,949 DEBUG main LogPassExpXPathFromDBFacade:checkConnection:53 - Database connection...
11:22:38,958 DEBUG main LogPassExpXPathFromDBFacade:checkConnection:57 - Login, password and expectedXpath are successfully extracted from database
11:22:38,974 ERROR main Page:enterLoginAndPass:66 - no such element: Unable to locate element: {"method":"id","selector":"mailbox:login"}
  (Session info: chrome=73.0.3683.103)
  (Driver info: chromedriver=73.0.3683.68 (47787ec04b6e38e22703e856e101e840b65afe72),platform=Windows NT 10.0.17134 x86_64) (WARNING: The server did not provide any stacktrace information)
Command duration or timeout: 0 milliseconds
For documentation on this error, please visit: https://www.seleniumhq.org/exceptions/no_such_element.html
Build info: version: '3.141.59', revision: 'e82be7d358', time: '2018-11-14T08:17:03'
System info: host: 'LAPTOP-O1540MOJ', ip: '192.168.100.56', os.name: 'Windows 10', os.arch: 'amd64', os.version: '10.0', java.version: '1.8.0_201'
Driver info: org.openqa.selenium.chrome.ChromeDriver
Capabilities {acceptInsecureCerts: false, acceptSslCerts: false, applicationCacheEnabled: false, browserConnectionEnabled: false, browserName: chrome, chrome: {chromedriverVersion: 73.0.3683.68 (47787ec04b6e3..., userDataDir: C:\Users\Asus\AppData\Local...}, cssSelectorsEnabled: true, databaseEnabled: false, goog:chromeOptions: {debuggerAddress: localhost:58937}, handlesAlerts: true, hasTouchScreen: false, javascriptEnabled: true, locationContextEnabled: true, mobileEmulationEnabled: false, nativeEvents: true, networkConnectionEnabled: false, pageLoadStrategy: normal, platform: XP, platformName: XP, proxy: Proxy(), rotatable: false, setWindowRect: true, strictFileInteractability: false, takesHeapSnapshot: true, takesScreenshot: true, timeouts: {implicit: 0, pageLoad: 300000, script: 30000}, unexpectedAlertBehaviour: ignore, unhandledPromptBehavior: ignore, version: 73.0.3683.103, webStorageEnabled: true}
Session ID: 094b774b4a1f58bf091e696b04421610
*** Element info: {Using=id, value=mailbox:login}
11:22:38,976  INFO main LoginSteps:afterClass:203 - Test is completed!
11:23:35,337 DEBUG main Page:<init>:13 - login page initialization...
11:23:35,368 DEBUG main Page:<init>:52 - login page is created
11:23:35,368  INFO main LoginSteps:loadMainPage:86 - test is started...
11:23:36,933  INFO main LoginSteps:loginAsUserWithCredentials:93 - login test for user with id = 1
11:23:36,935 DEBUG main LogPassExpXPathFromDBFacade:checkConnection:53 - Database connection...
11:23:37,169 DEBUG main LogPassExpXPathFromDBFacade:checkConnection:57 - Login, password and expectedXpath are successfully extracted from database
11:23:37,643  INFO main LoginSteps:seeLogoutLink:117 - Test login...
11:23:42,468  INFO main LoginSteps:seeLogoutLink:121 - Login test is completed successfully
11:23:42,469  INFO main LoginSteps:afterClass:203 - Test is completed!
11:23:45,329 DEBUG main Page:<init>:13 - login page initialization...
11:23:45,331 DEBUG main Page:<init>:52 - login page is created
11:23:45,331  INFO main LoginSteps:loadMainPage:86 - test is started...
11:23:46,835  INFO main LoginSteps:loginAsUserWithCredentials:93 - login test for user with id = 2
11:23:46,835 DEBUG main LogPassExpXPathFromDBFacade:checkConnection:53 - Database connection...
11:23:46,840 DEBUG main LogPassExpXPathFromDBFacade:checkConnection:57 - Login, password and expectedXpath are successfully extracted from database
11:23:47,304  INFO main LoginSteps:seeLogoutLink:117 - Test login...
11:23:48,015  INFO main LoginSteps:seeLogoutLink:121 - Login test is completed successfully
11:23:48,016  INFO main LoginSteps:afterClass:203 - Test is completed!
11:23:50,862 DEBUG main Page:<init>:13 - login page initialization...
11:23:50,868 DEBUG main Page:<init>:52 - login page is created
11:23:50,868  INFO main LoginSteps:loadMainPage:86 - test is started...
11:23:52,570  INFO main LoginSteps:loginAsUserWithCredentials:93 - login test for user with id = 3
11:23:52,571 DEBUG main LogPassExpXPathFromDBFacade:checkConnection:53 - Database connection...
11:23:52,579 DEBUG main LogPassExpXPathFromDBFacade:checkConnection:57 - Login, password and expectedXpath are successfully extracted from database
11:23:52,936  INFO main LoginSteps:seeLogoutLink:117 - Test login...
11:23:53,535  INFO main LoginSteps:seeLogoutLink:121 - Login test is completed successfully
11:23:53,535  INFO main LoginSteps:afterClass:203 - Test is completed!
11:23:56,325 DEBUG main Page:<init>:13 - login page initialization...
11:23:56,326 DEBUG main Page:<init>:52 - login page is created
11:23:56,326  INFO main LoginSteps:loadMainPage:86 - test is started...
11:24:00,300  INFO main LoginSteps:loginAsUserWithCredentials:93 - login test for user with id = 4
11:24:00,300 DEBUG main LogPassExpXPathFromDBFacade:checkConnection:53 - Database connection...
11:24:00,312 DEBUG main LogPassExpXPathFromDBFacade:checkConnection:57 - Login, password and expectedXpath are successfully extracted from database
11:24:00,650  INFO main LoginSteps:seeLogoutLink:117 - Test login...
11:24:00,728  INFO main LoginSteps:seeLogoutLink:121 - Login test is completed successfully
11:24:00,729  INFO main LoginSteps:afterClass:203 - Test is completed!
11:24:03,607 DEBUG main Page:<init>:13 - login page initialization...
11:24:03,608 DEBUG main Page:<init>:52 - login page is created
11:24:03,608  INFO main LoginSteps:loadMainPage:86 - test is started...
11:24:24,927  INFO main LoginSteps:loginAsUserWithCredentials:93 - login test for user with id = 5
11:24:24,928 DEBUG main LogPassExpXPathFromDBFacade:checkConnection:53 - Database connection...
11:24:24,935 DEBUG main LogPassExpXPathFromDBFacade:checkConnection:57 - Login, password and expectedXpath are successfully extracted from database
11:24:25,263  INFO main LoginSteps:seeLogoutLink:117 - Test login...
11:24:25,336  INFO main LoginSteps:seeLogoutLink:121 - Login test is completed successfully
11:24:25,337  INFO main LoginSteps:afterClass:203 - Test is completed!
11:24:28,150 DEBUG main Page:<init>:13 - login page initialization...
11:24:28,151 DEBUG main Page:<init>:52 - login page is created
11:24:28,151  INFO main LoginSteps:loadMainPage:86 - test is started...
11:24:29,497  INFO main LoginSteps:loginAsUserWithCredentials:93 - login test for user with id = 6
11:24:29,497 DEBUG main LogPassExpXPathFromDBFacade:checkConnection:53 - Database connection...
11:24:29,503 DEBUG main LogPassExpXPathFromDBFacade:checkConnection:57 - Login, password and expectedXpath are successfully extracted from database
11:24:30,180  INFO main LoginSteps:seeLogoutLink:117 - Test login...
11:24:30,250  INFO main LoginSteps:seeLogoutLink:121 - Login test is completed successfully
11:24:30,251  INFO main LoginSteps:afterClass:203 - Test is completed!
11:47:45,814 DEBUG main Page:<init>:13 - login page initialization...
11:47:45,831 DEBUG main Page:<init>:52 - login page is created
11:47:45,831  INFO main LoginSteps:loadMainPage:86 - test is started...
11:47:47,783 DEBUG main Page:<init>:13 - mail page initialization...
11:47:47,817 DEBUG main Page:<init>:43 - mail page is created
11:47:47,819  INFO main LoginSteps:seeLogoutLink:117 - Test login...
11:47:52,306  INFO main LoginSteps:seeLogoutLink:121 - Login test is completed successfully
11:47:52,306 DEBUG main LoginSteps:checkIncomingMessages:133 - Check incoming messages presence...
11:47:52,386 DEBUG main Page:hasIncomingMessage:53 - There are 3 imcoming messages
11:47:52,386 DEBUG main Page:selectMessages:171 - Messages selection is started
11:47:52,878 DEBUG main Page:selectMessages:180 - Message 1 is selected
11:47:52,997 DEBUG main Page:selectMessages:180 - Message 2 is selected
11:47:53,126 DEBUG main Page:selectMessages:180 - Message 3 is selected
11:47:53,126  INFO main Page:selectMessages:192 - All messages are selected
11:47:53,127  INFO main LoginSteps:afterClass:203 - Test is completed!
11:55:33,848 DEBUG main Page:<init>:13 - login page initialization...
11:55:33,870 DEBUG main Page:<init>:52 - login page is created
11:55:33,871  INFO main LoginSteps:loadMainPage:86 - test is started...
11:55:35,966 DEBUG main Page:<init>:13 - mail page initialization...
11:55:35,995 DEBUG main Page:<init>:43 - mail page is created
11:55:35,996  INFO main LoginSteps:seeLogoutLink:117 - Test login...
11:55:40,387  INFO main LoginSteps:seeLogoutLink:121 - Login test is completed successfully
11:55:40,388 DEBUG main LoginSteps:checkIncomingMessages:133 - Check incoming messages presence...
11:55:40,421 DEBUG main Page:hasIncomingMessage:53 - There are 3 imcoming messages
11:55:40,425 DEBUG main Page:selectMessages:171 - Messages selection is started
11:55:40,983 DEBUG main Page:selectMessages:180 - Message 1 is selected
11:55:41,114 DEBUG main Page:selectMessages:180 - Message 2 is selected
11:55:41,235 DEBUG main Page:selectMessages:180 - Message 3 is selected
11:55:41,236  INFO main Page:selectMessages:192 - All messages are selected
11:55:41,237  INFO main LoginSteps:afterClass:203 - Test is completed!
11:56:04,935 DEBUG main Page:<init>:13 - login page initialization...
11:56:04,957 DEBUG main Page:<init>:52 - login page is created
11:56:04,957  INFO main LoginSteps:loadMainPage:86 - test is started...
11:56:06,740 DEBUG main Page:<init>:13 - mail page initialization...
11:56:06,774 DEBUG main Page:<init>:43 - mail page is created
11:56:06,776  INFO main LoginSteps:seeLogoutLink:117 - Test login...
11:56:11,213  INFO main LoginSteps:seeLogoutLink:121 - Login test is completed successfully
11:56:11,214 DEBUG main LoginSteps:checkIncomingMessages:133 - Check incoming messages presence...
11:56:11,339 DEBUG main Page:hasIncomingMessage:53 - There are 3 imcoming messages
11:56:11,342 DEBUG main Page:selectMessages:171 - Messages selection is started
11:56:11,795 DEBUG main Page:selectMessages:180 - Message 1 is selected
11:56:11,931 DEBUG main Page:selectMessages:180 - Message 2 is selected
11:56:11,931  INFO main Page:selectMessages:192 - All messages are selected
11:56:11,932  INFO main LoginSteps:afterClass:203 - Test is completed!
12:01:26,500 DEBUG main Page:<init>:13 - login page initialization...
12:01:26,523 DEBUG main Page:<init>:52 - login page is created
12:01:26,523  INFO main LoginSteps:loadMainPage:86 - test is started...
12:01:28,432 DEBUG main Page:<init>:13 - mail page initialization...
12:01:28,467 DEBUG main Page:<init>:43 - mail page is created
12:01:28,468  INFO main LoginSteps:seeLogoutLink:117 - Test login...
12:01:32,840  INFO main LoginSteps:seeLogoutLink:121 - Login test is completed successfully
12:01:32,840 DEBUG main LoginSteps:checkIncomingMessages:133 - Check incoming messages presence...
12:01:32,873 DEBUG main Page:hasIncomingMessage:53 - There are 3 imcoming messages
12:01:33,042  INFO main Page:moveMessageToSpam:65 - Move to spam message: 25 мар
Поздравляем с Днём Рождения!У нас для вас подарок – откройте! Здравствуйте! Команда Почты Mail.Ru поздравляет вас с Днем Рождени
Почта Mail.Ru
12:01:33,421 DEBUG main LoginSteps:checkPopupConfirmation:154 - Wait message moving confirmation...
12:01:33,980 DEBUG main Page:isPopupMessageMovingOkAppears:75 - Popup with confirmation is appeared
12:01:33,980  INFO main Page:isPopupMessageMovingOkAppears:76 - Message is successfully moved.
12:01:40,319  INFO main Page:openSpam:98 - Open spam
12:01:41,105  INFO main Page:hasMovedMessageFromSpam:109 - Required message is found in spam
12:01:41,253 DEBUG main LoginSteps:checkPopupConfirmation:154 - Wait message moving confirmation...
12:01:41,828 DEBUG main Page:isPopupMessageMovingOkAppears:75 - Popup with confirmation is appeared
12:01:41,828  INFO main Page:isPopupMessageMovingOkAppears:76 - Message is successfully moved.
12:01:48,405  INFO main LoginSteps:afterClass:203 - Test is completed!
12:09:48,631 DEBUG main Page:<init>:13 - login page initialization...
12:09:48,653 DEBUG main Page:<init>:52 - login page is created
12:09:48,654  INFO main LoginSteps:loadMainPage:86 - test is started...
12:09:50,787 DEBUG main Page:<init>:13 - mail page initialization...
12:09:50,822 DEBUG main Page:<init>:43 - mail page is created
12:09:50,823  INFO main LoginSteps:seeLogoutLink:117 - Test login...
12:09:55,663  INFO main LoginSteps:seeLogoutLink:121 - Login test is completed successfully
12:09:55,664 DEBUG main LoginSteps:checkIncomingMessages:133 - Check incoming messages presence...
12:09:55,832 DEBUG main Page:hasIncomingMessage:53 - There are 3 imcoming messages
12:09:55,836 DEBUG main LoginSteps:moveOneMessageToSpam:148 - 1 message is moving to spam...
12:09:56,242  INFO main Page:moveMessageToSpam:65 - Moving to spam message: 25 мар
Поздравляем с Днём Рождения!У нас для вас подарок – откройте! Здравствуйте! Команда Почты Mail.Ru поздравляет вас с Днем Рождени
Почта Mail.Ru
12:09:56,394 DEBUG main LoginSteps:checkPopupConfirmation:155 - Wait message moving confirmation...
12:09:56,969 DEBUG main Page:isPopupMessageMovingOkAppears:75 - Popup with confirmation is appeared
12:09:56,969  INFO main Page:isPopupMessageMovingOkAppears:76 - Message is successfully moved.
12:10:03,461  INFO main Page:openSpam:98 - Open spam
12:10:04,135  INFO main LoginSteps:moveMessageBackFromSpam:176 - Moving message back to income
12:10:04,334  INFO main Page:hasMovedMessageFromSpam:109 - Required message is found in spam
12:10:04,514 DEBUG main LoginSteps:checkPopupConfirmation:155 - Wait message moving confirmation...
12:10:05,101 DEBUG main Page:isPopupMessageMovingOkAppears:75 - Popup with confirmation is appeared
12:10:05,102  INFO main Page:isPopupMessageMovingOkAppears:76 - Message is successfully moved.
12:10:11,036  INFO main LoginSteps:afterClass:205 - Test is completed!
12:56:29,377 DEBUG main Page:<init>:13 - login page initialization...
12:56:29,401 DEBUG main Page:<init>:52 - login page is created
12:56:29,401  INFO main LoginSteps:loadMainPage:86 - test is started...
12:56:31,541 DEBUG main Page:<init>:13 - mail page initialization...
12:56:31,569 DEBUG main Page:<init>:43 - mail page is created
12:56:31,570  INFO main LoginSteps:seeLogoutLink:117 - Test login...
12:56:36,778  INFO main LoginSteps:seeLogoutLink:121 - Login test is completed successfully
12:56:36,779 DEBUG main LoginSteps:checkIncomingMessages:133 - Check incoming messages presence...
12:56:36,817 DEBUG main Page:hasIncomingMessage:53 - There are 3 imcoming messages
12:56:36,820 DEBUG main Page:selectMessages:171 - Messages selection is started
12:56:37,313 DEBUG main Page:selectMessages:180 - Message 1 is selected
12:56:37,445 DEBUG main Page:selectMessages:180 - Message 2 is selected
12:56:37,552 DEBUG main Page:selectMessages:180 - Message 3 is selected
12:56:37,553  INFO main Page:selectMessages:192 - All messages are selected
12:56:37,553  INFO main LoginSteps:afterClass:205 - Test is completed!
13:33:11,051 DEBUG main Page:<init>:13 - login page initialization...
13:33:11,074 DEBUG main Page:<init>:52 - login page is created
13:33:11,074  INFO main LoginSteps:loadMainPage:86 - test is started...
13:33:13,104 DEBUG main Page:<init>:13 - mail page initialization...
13:33:13,134 DEBUG main Page:<init>:43 - mail page is created
13:33:13,136  INFO main LoginSteps:seeLogoutLink:117 - Test login...
13:33:17,995  INFO main LoginSteps:seeLogoutLink:121 - Login test is completed successfully
13:33:17,996 DEBUG main LoginSteps:checkIncomingMessages:133 - Check incoming messages presence...
13:33:18,132 DEBUG main Page:hasIncomingMessage:53 - There are 3 imcoming messages
13:33:18,135 DEBUG main Page:selectMessages:171 - Messages selection is started
13:33:18,611 DEBUG main Page:selectMessages:180 - Message 1 is selected
13:33:18,743 DEBUG main Page:selectMessages:180 - Message 2 is selected
13:33:18,873 DEBUG main Page:selectMessages:180 - Message 3 is selected
13:33:18,873  INFO main Page:selectMessages:192 - All messages are selected
13:33:18,874  INFO main LoginSteps:uncheckedAllMessage:205 - Uncheck all messages
13:33:18,976  INFO main LoginSteps:afterClass:226 - Test is completed!
13:35:47,455 DEBUG main Page:<init>:13 - login page initialization...
13:35:47,473 DEBUG main Page:<init>:52 - login page is created
13:35:47,474  INFO main LoginSteps:loadMainPage:86 - test is started...
13:35:49,435 DEBUG main Page:<init>:13 - mail page initialization...
13:35:49,467 DEBUG main Page:<init>:43 - mail page is created
13:35:49,469  INFO main LoginSteps:seeLogoutLink:117 - Test login...
13:35:53,974  INFO main LoginSteps:seeLogoutLink:121 - Login test is completed successfully
13:35:53,975 DEBUG main LoginSteps:checkIncomingMessages:133 - Check incoming messages presence...
13:35:54,009 DEBUG main Page:hasIncomingMessage:53 - There are 3 imcoming messages
13:35:54,011 DEBUG main Page:selectMessages:172 - Messages selection is started
13:35:54,523 DEBUG main Page:selectMessages:181 - Message 1 is selected
13:35:54,671 DEBUG main Page:selectMessages:181 - Message 2 is selected
13:35:54,839 DEBUG main Page:selectMessages:181 - Message 3 is selected
13:35:54,839  INFO main Page:selectMessages:193 - All required messages are selected
13:35:54,840  INFO main LoginSteps:uncheckedAllMessage:205 - Uncheck all messages
13:35:54,952  INFO main Page:isAllMessagesUnselected:160 - All messages are unselected
13:35:54,954  INFO main LoginSteps:afterClass:226 - Test is completed!
13:58:51,421 DEBUG main Page:<init>:13 - login page initialization...
13:58:51,442 DEBUG main Page:<init>:52 - login page is created
13:58:51,443  INFO main LoginSteps:getMessagesFromXML:54 - Extract masseges from messages.xml
13:58:51,443 DEBUG main LoginSteps:getMessagesFromXML:57 - DOM parser: messages extracting...
13:58:51,477  INFO main LoginSteps:lambda$0:62 - message:  to=esalana@tut.by subject=Test1 msgbody=It's a test message!
13:58:51,477  INFO main LoginSteps:lambda$0:62 - message:  to=orimailrb@gmail.com, esalana@tut.by, lanalex@tut.by subject=Test2 msgbody=Hello! It's me!
13:58:51,550  INFO main LoginSteps:loadMainPage:85 - test is started...
13:58:53,736 DEBUG main Page:<init>:13 - mail page initialization...
13:58:53,769 DEBUG main Page:<init>:43 - mail page is created
13:58:53,773  INFO main LoginSteps:seeLogoutLink:116 - Test login...
13:58:58,596  INFO main LoginSteps:seeLogoutLink:120 - Login test is completed successfully
13:58:58,598  INFO main LoginSteps:sendMessage:225 - Send message:  to=esalana@tut.by subject=Test1 msgbody=It's a test message!
13:58:58,599  INFO main LoginSteps:afterClass:231 - Test is completed!
13:58:58,599 DEBUG main Page:<init>:13 - login page initialization...
13:58:58,601 DEBUG main Page:<init>:52 - login page is created
13:58:58,601  INFO main LoginSteps:getMessagesFromXML:54 - Extract masseges from messages.xml
13:58:58,603 DEBUG main LoginSteps:getMessagesFromXML:57 - DOM parser: messages extracting...
13:58:58,605  INFO main LoginSteps:lambda$0:62 - message:  to=esalana@tut.by subject=Test1 msgbody=It's a test message!
13:58:58,606  INFO main LoginSteps:lambda$0:62 - message:  to=orimailrb@gmail.com, esalana@tut.by, lanalex@tut.by subject=Test2 msgbody=Hello! It's me!
13:58:58,607  INFO main LoginSteps:loadMainPage:85 - test is started...
13:58:59,657 ERROR main Page:enterLoginAndPass:66 - no such element: Unable to locate element: {"method":"id","selector":"mailbox:login"}
  (Session info: chrome=73.0.3683.103)
  (Driver info: chromedriver=73.0.3683.68 (47787ec04b6e38e22703e856e101e840b65afe72),platform=Windows NT 10.0.17134 x86_64) (WARNING: The server did not provide any stacktrace information)
Command duration or timeout: 0 milliseconds
For documentation on this error, please visit: https://www.seleniumhq.org/exceptions/no_such_element.html
Build info: version: '3.141.59', revision: 'e82be7d358', time: '2018-11-14T08:17:03'
System info: host: 'LAPTOP-O1540MOJ', ip: '192.168.100.56', os.name: 'Windows 10', os.arch: 'amd64', os.version: '10.0', java.version: '1.8.0_201'
Driver info: org.openqa.selenium.chrome.ChromeDriver
Capabilities {acceptInsecureCerts: false, acceptSslCerts: false, applicationCacheEnabled: false, browserConnectionEnabled: false, browserName: chrome, chrome: {chromedriverVersion: 73.0.3683.68 (47787ec04b6e3..., userDataDir: C:\Users\Asus\AppData\Local...}, cssSelectorsEnabled: true, databaseEnabled: false, goog:chromeOptions: {debuggerAddress: localhost:62453}, handlesAlerts: true, hasTouchScreen: false, javascriptEnabled: true, locationContextEnabled: true, mobileEmulationEnabled: false, nativeEvents: true, networkConnectionEnabled: false, pageLoadStrategy: normal, platform: XP, platformName: XP, proxy: Proxy(), rotatable: false, setWindowRect: true, strictFileInteractability: false, takesHeapSnapshot: true, takesScreenshot: true, timeouts: {implicit: 0, pageLoad: 300000, script: 30000}, unexpectedAlertBehaviour: ignore, unhandledPromptBehavior: ignore, version: 73.0.3683.103, webStorageEnabled: true}
Session ID: ce14dedff58aaed60fb3f6eacc040cd4
*** Element info: {Using=id, value=mailbox:login}
13:58:59,672  INFO main LoginSteps:afterClass:231 - Test is completed!
13:59:33,045 DEBUG main Page:<init>:13 - login page initialization...
13:59:33,072 DEBUG main Page:<init>:52 - login page is created
13:59:33,073  INFO main LoginSteps:getMessagesFromXML:54 - Extract masseges from messages.xml
13:59:33,073 DEBUG main LoginSteps:getMessagesFromXML:57 - DOM parser: messages extracting...
13:59:33,118  INFO main LoginSteps:lambda$0:62 - message:  to=esalana@tut.by subject=Test1 msgbody=It's a test message!
13:59:33,118  INFO main LoginSteps:lambda$0:62 - message:  to=orimailrb@gmail.com, esalana@tut.by, lanalex@tut.by subject=Test2 msgbody=Hello! It's me!
13:59:33,214  INFO main LoginSteps:loadMainPage:85 - test is started...
13:59:35,437 DEBUG main Page:<init>:13 - mail page initialization...
13:59:35,476 DEBUG main Page:<init>:43 - mail page is created
13:59:35,478  INFO main LoginSteps:seeLogoutLink:116 - Test login...
13:59:41,168  INFO main LoginSteps:seeLogoutLink:120 - Login test is completed successfully
13:59:41,170  INFO main LoginSteps:sendMessage:225 - Send message:  to=esalana@tut.by subject=Test1 msgbody=It's a test message!
13:59:41,171  INFO main LoginSteps:afterClass:231 - Test is completed!
14:07:29,308 DEBUG main Page:<init>:13 - login page initialization...
14:07:29,330 DEBUG main Page:<init>:52 - login page is created
14:07:29,330  INFO main LoginSteps:getMessagesFromXML:54 - Extract masseges from messages.xml
14:07:29,331 DEBUG main LoginSteps:getMessagesFromXML:57 - DOM parser: messages extracting...
14:07:29,359  INFO main LoginSteps:lambda$0:62 - message:  to=esalana@tut.by subject=Test1 msgbody=It's a test message!
14:07:29,360  INFO main LoginSteps:lambda$0:62 - message:  to=orimailrb@gmail.com, esalana@tut.by, lanalex@tut.by subject=Test2 msgbody=Hello! It's me!
14:07:29,431  INFO main LoginSteps:loadMainPage:85 - test is started...
14:07:31,749 DEBUG main Page:<init>:13 - mail page initialization...
14:07:31,786 DEBUG main Page:<init>:64 - mail page is created
14:07:31,788  INFO main LoginSteps:seeLogoutLink:116 - Test login...
14:07:37,001  INFO main LoginSteps:seeLogoutLink:120 - Login test is completed successfully
14:07:37,003  INFO main LoginSteps:sendMessage:225 - Send message:  to=esalana@tut.by subject=Test1 msgbody=It's a test message!
14:07:37,004  INFO main LoginSteps:afterClass:231 - Test is completed!
14:07:39,934 DEBUG main Page:<init>:13 - login page initialization...
14:07:39,935 DEBUG main Page:<init>:52 - login page is created
14:07:39,935  INFO main LoginSteps:getMessagesFromXML:54 - Extract masseges from messages.xml
14:07:39,936 DEBUG main LoginSteps:getMessagesFromXML:57 - DOM parser: messages extracting...
14:07:39,938  INFO main LoginSteps:lambda$0:62 - message:  to=esalana@tut.by subject=Test1 msgbody=It's a test message!
14:07:39,939  INFO main LoginSteps:lambda$0:62 - message:  to=orimailrb@gmail.com, esalana@tut.by, lanalex@tut.by subject=Test2 msgbody=Hello! It's me!
14:07:39,939  INFO main LoginSteps:loadMainPage:85 - test is started...
14:07:42,068 DEBUG main Page:<init>:13 - mail page initialization...
14:07:42,069 DEBUG main Page:<init>:64 - mail page is created
14:07:42,070  INFO main LoginSteps:seeLogoutLink:116 - Test login...
14:07:46,943  INFO main LoginSteps:seeLogoutLink:120 - Login test is completed successfully
14:07:46,944  INFO main LoginSteps:sendMessage:225 - Send message:  to=orimailrb@gmail.com, esalana@tut.by, lanalex@tut.by subject=Test2 msgbody=Hello! It's me!
14:07:46,944  INFO main LoginSteps:afterClass:231 - Test is completed!
14:39:34,196 DEBUG main Page:<init>:13 - login page initialization...
14:39:34,216 DEBUG main Page:<init>:52 - login page is created
14:39:34,217  INFO main LoginSteps:getMessagesFromXML:54 - Extract masseges from messages.xml
14:39:34,217 DEBUG main LoginSteps:getMessagesFromXML:57 - DOM parser: messages extracting...
14:39:34,242 DEBUG main LoginSteps:lambda$0:62 - message:  to=esalana@tut.by subject=Test1 msgbody=It's a test message!
14:39:34,243 DEBUG main LoginSteps:lambda$0:62 - message:  to=orimailrb@gmail.com, esalana@tut.by, lanalex@tut.by subject=Test2 msgbody=Hello!
14:39:34,333  INFO main LoginSteps:loadMainPage:85 - test is started...
14:39:36,462 DEBUG main Page:<init>:13 - mail page initialization...
14:39:36,498 DEBUG main Page:<init>:64 - mail page is created
14:39:36,500  INFO main LoginSteps:seeLogoutLink:116 - Test login...
14:39:41,819  INFO main LoginSteps:seeLogoutLink:120 - Login test is completed successfully
14:39:41,822  INFO main LoginSteps:sendMessage:225 - Send message:  to=esalana@tut.by subject=Test1 msgbody=It's a test message!
14:39:45,536  INFO main LoginSteps:afterClass:246 - Test is completed!
14:42:15,660 DEBUG main Page:<init>:13 - login page initialization...
14:42:15,685 DEBUG main Page:<init>:52 - login page is created
14:42:15,685  INFO main LoginSteps:getMessagesFromXML:54 - Extract masseges from messages.xml
14:42:15,687 DEBUG main LoginSteps:getMessagesFromXML:57 - DOM parser: messages extracting...
14:42:15,724 DEBUG main LoginSteps:lambda$0:62 - message:  to=esalana@tut.by subject=Test1 msgbody=It's a test message!
14:42:15,724 DEBUG main LoginSteps:lambda$0:62 - message:  to=orimailrb@gmail.com, esalana@tut.by, lanalex@tut.by subject=Test2 msgbody=Hello!
14:42:15,817  INFO main LoginSteps:loadMainPage:85 - test is started...
14:42:18,010 DEBUG main Page:<init>:13 - mail page initialization...
14:42:18,049 DEBUG main Page:<init>:64 - mail page is created
14:42:18,050  INFO main LoginSteps:seeLogoutLink:116 - Test login...
14:42:22,751  INFO main LoginSteps:seeLogoutLink:120 - Login test is completed successfully
14:42:22,754  INFO main LoginSteps:sendMessage:225 - Send message:  to=esalana@tut.by subject=Test1 msgbody=It's a test message!
14:42:25,931  INFO main LoginSteps:afterClass:246 - Test is completed!
14:42:28,829 DEBUG main Page:<init>:13 - login page initialization...
14:42:28,830 DEBUG main Page:<init>:52 - login page is created
14:42:28,830  INFO main LoginSteps:getMessagesFromXML:54 - Extract masseges from messages.xml
14:42:28,831 DEBUG main LoginSteps:getMessagesFromXML:57 - DOM parser: messages extracting...
14:42:28,834 DEBUG main LoginSteps:lambda$0:62 - message:  to=esalana@tut.by subject=Test1 msgbody=It's a test message!
14:42:28,834 DEBUG main LoginSteps:lambda$0:62 - message:  to=orimailrb@gmail.com, esalana@tut.by, lanalex@tut.by subject=Test2 msgbody=Hello!
14:42:28,835  INFO main LoginSteps:loadMainPage:85 - test is started...
14:42:30,635 DEBUG main Page:<init>:13 - mail page initialization...
14:42:30,636 DEBUG main Page:<init>:64 - mail page is created
14:42:30,637  INFO main LoginSteps:seeLogoutLink:116 - Test login...
14:42:35,396  INFO main LoginSteps:seeLogoutLink:120 - Login test is completed successfully
14:42:35,397  INFO main LoginSteps:sendMessage:225 - Send message:  to=orimailrb@gmail.com, esalana@tut.by, lanalex@tut.by subject=Test2 msgbody=Hello!
14:42:39,467  INFO main LoginSteps:afterClass:246 - Test is completed!
14:47:10,253 DEBUG main Page:<init>:13 - login page initialization...
14:47:10,275 DEBUG main Page:<init>:52 - login page is created
14:47:10,275  INFO main LoginSteps:loadMainPage:85 - test is started...
14:47:12,150 DEBUG main Page:<init>:13 - mail page initialization...
14:47:12,186 DEBUG main Page:<init>:64 - mail page is created
14:47:12,187  INFO main LoginSteps:seeLogoutLink:116 - Test login...
14:47:16,741  INFO main LoginSteps:seeLogoutLink:120 - Login test is completed successfully
14:47:16,742 DEBUG main LoginSteps:checkIncomingMessages:132 - Check incoming messages presence...
14:47:16,888 DEBUG main Page:hasIncomingMessage:74 - There are 3 imcoming messages
14:47:16,893 DEBUG main LoginSteps:moveOneMessageToSpam:147 - 1 message is moving to spam...
14:47:17,232  INFO main Page:moveMessageToSpam:86 - Moving to spam message: 25 мар
Поздравляем с Днём Рождения!У нас для вас подарок – откройте! Здравствуйте! Команда Почты Mail.Ru поздравляет вас с Днем Рождени
Почта Mail.Ru
14:47:17,382 DEBUG main LoginSteps:checkPopupConfirmation:154 - Wait message moving confirmation...
14:47:17,963 DEBUG main Page:isPopupMessageMovingOkAppears:96 - Popup with confirmation is appeared
14:47:17,964  INFO main Page:isPopupMessageMovingOkAppears:97 - Message is successfully moved.
14:47:24,372  INFO main Page:openSpam:119 - Open spam
14:47:25,082  INFO main LoginSteps:moveMessageBackFromSpam:175 - Moving message back to income
14:47:25,162  INFO main Page:hasMovedMessageFromSpam:130 - Required message is found in spam
14:47:25,318 DEBUG main LoginSteps:checkPopupConfirmation:154 - Wait message moving confirmation...
14:47:25,905 DEBUG main Page:isPopupMessageMovingOkAppears:96 - Popup with confirmation is appeared
14:47:25,905  INFO main Page:isPopupMessageMovingOkAppears:97 - Message is successfully moved.
14:47:32,278  INFO main LoginSteps:afterClass:246 - Test is completed!
14:47:35,131 DEBUG main Page:<init>:13 - login page initialization...
14:47:35,131 DEBUG main Page:<init>:52 - login page is created
14:47:35,131  INFO main LoginSteps:loadMainPage:85 - test is started...
14:47:45,036 DEBUG main Page:<init>:13 - mail page initialization...
14:47:45,038 DEBUG main Page:<init>:64 - mail page is created
14:47:45,039  INFO main LoginSteps:seeLogoutLink:116 - Test login...
14:47:49,927  INFO main LoginSteps:seeLogoutLink:120 - Login test is completed successfully
14:47:49,927 DEBUG main LoginSteps:checkIncomingMessages:132 - Check incoming messages presence...
14:47:49,957 DEBUG main Page:hasIncomingMessage:74 - There are 3 imcoming messages
14:47:49,958 DEBUG main Page:selectMessages:186 - Messages selection is started
14:47:50,498 DEBUG main Page:selectMessages:195 - Message 1 is selected
14:47:50,625 DEBUG main Page:selectMessages:195 - Message 2 is selected
14:47:50,746 DEBUG main Page:selectMessages:195 - Message 3 is selected
14:47:50,746  INFO main Page:selectMessages:207 - All required messages are selected
14:47:50,746  INFO main LoginSteps:uncheckedAllMessage:204 - Uncheck all messages
14:47:50,820  INFO main Page:isAllMessagesUnselected:174 - All messages are unselected
14:47:50,821  INFO main LoginSteps:afterClass:246 - Test is completed!
14:47:53,713 DEBUG main Page:<init>:13 - login page initialization...
14:47:53,714 DEBUG main Page:<init>:52 - login page is created
14:47:53,714  INFO main LoginSteps:getMessagesFromXML:54 - Extract masseges from messages.xml
14:47:53,714 DEBUG main LoginSteps:getMessagesFromXML:57 - DOM parser: messages extracting...
14:47:53,740 DEBUG main LoginSteps:lambda$0:62 - message:  to=esalana@tut.by subject=Test1 msgbody=It's a test message!
14:47:53,740 DEBUG main LoginSteps:lambda$0:62 - message:  to=orimailrb@gmail.com, esalana@tut.by, lanalex@tut.by subject=Test2 msgbody=Hello!
14:47:53,741  INFO main LoginSteps:loadMainPage:85 - test is started...
14:47:55,916 DEBUG main Page:<init>:13 - mail page initialization...
14:47:55,917 DEBUG main Page:<init>:64 - mail page is created
14:47:55,918  INFO main LoginSteps:seeLogoutLink:116 - Test login...
14:48:00,460  INFO main LoginSteps:seeLogoutLink:120 - Login test is completed successfully
14:48:00,460  INFO main LoginSteps:sendMessage:225 - Send message:  to=esalana@tut.by subject=Test1 msgbody=It's a test message!
14:48:04,006  INFO main LoginSteps:afterClass:246 - Test is completed!
14:48:07,054 DEBUG main Page:<init>:13 - login page initialization...
14:48:07,055 DEBUG main Page:<init>:52 - login page is created
14:48:07,055  INFO main LoginSteps:getMessagesFromXML:54 - Extract masseges from messages.xml
14:48:07,055 DEBUG main LoginSteps:getMessagesFromXML:57 - DOM parser: messages extracting...
14:48:07,056 DEBUG main LoginSteps:lambda$0:62 - message:  to=esalana@tut.by subject=Test1 msgbody=It's a test message!
14:48:07,057 DEBUG main LoginSteps:lambda$0:62 - message:  to=orimailrb@gmail.com, esalana@tut.by, lanalex@tut.by subject=Test2 msgbody=Hello!
14:48:07,057  INFO main LoginSteps:loadMainPage:85 - test is started...
14:48:08,839 DEBUG main Page:<init>:13 - mail page initialization...
14:48:08,840 DEBUG main Page:<init>:64 - mail page is created
14:48:08,840  INFO main LoginSteps:seeLogoutLink:116 - Test login...
14:48:13,184  INFO main LoginSteps:seeLogoutLink:120 - Login test is completed successfully
14:48:13,185  INFO main LoginSteps:sendMessage:225 - Send message:  to=orimailrb@gmail.com, esalana@tut.by, lanalex@tut.by subject=Test2 msgbody=Hello!
14:48:17,330  INFO main LoginSteps:afterClass:246 - Test is completed!
14:49:37,180 DEBUG main Page:<init>:13 - login page initialization...
14:49:37,202 DEBUG main Page:<init>:52 - login page is created
14:49:37,203  INFO main LoginSteps:loadMainPage:85 - test is started...
14:49:38,447  INFO main LoginSteps:loginAsUserWithCredentials:92 - login test for user with id = 1
14:49:38,450 DEBUG main LogPassExpXPathFromDBFacade:checkConnection:53 - Database connection...
14:49:38,873 DEBUG main LogPassExpXPathFromDBFacade:checkConnection:57 - Login, password and expectedXpath are successfully extracted from database
14:49:39,349  INFO main LoginSteps:seeLogoutLink:116 - Test login...
14:49:44,546  INFO main LoginSteps:seeLogoutLink:120 - Login test is completed successfully
14:49:44,547  INFO main LoginSteps:afterClass:246 - Test is completed!
14:49:47,505 DEBUG main Page:<init>:13 - login page initialization...
14:49:47,506 DEBUG main Page:<init>:52 - login page is created
14:49:47,507  INFO main LoginSteps:loadMainPage:85 - test is started...
14:49:49,415  INFO main LoginSteps:loginAsUserWithCredentials:92 - login test for user with id = 2
14:49:49,415 DEBUG main LogPassExpXPathFromDBFacade:checkConnection:53 - Database connection...
14:49:49,422 DEBUG main LogPassExpXPathFromDBFacade:checkConnection:57 - Login, password and expectedXpath are successfully extracted from database
14:49:49,813  INFO main LoginSteps:seeLogoutLink:116 - Test login...
14:49:50,501  INFO main LoginSteps:seeLogoutLink:120 - Login test is completed successfully
14:49:50,502  INFO main LoginSteps:afterClass:246 - Test is completed!
14:49:53,418 DEBUG main Page:<init>:13 - login page initialization...
14:49:53,418 DEBUG main Page:<init>:52 - login page is created
14:49:53,418  INFO main LoginSteps:loadMainPage:85 - test is started...
14:49:54,625  INFO main LoginSteps:loginAsUserWithCredentials:92 - login test for user with id = 3
14:49:54,626 DEBUG main LogPassExpXPathFromDBFacade:checkConnection:53 - Database connection...
14:49:54,632 DEBUG main LogPassExpXPathFromDBFacade:checkConnection:57 - Login, password and expectedXpath are successfully extracted from database
14:49:55,234  INFO main LoginSteps:seeLogoutLink:116 - Test login...
14:49:55,837  INFO main LoginSteps:seeLogoutLink:120 - Login test is completed successfully
14:49:55,839  INFO main LoginSteps:afterClass:246 - Test is completed!
14:49:58,751 DEBUG main Page:<init>:13 - login page initialization...
14:49:58,752 DEBUG main Page:<init>:52 - login page is created
14:49:58,752  INFO main LoginSteps:loadMainPage:85 - test is started...
14:50:00,485  INFO main LoginSteps:loginAsUserWithCredentials:92 - login test for user with id = 4
14:50:00,485 DEBUG main LogPassExpXPathFromDBFacade:checkConnection:53 - Database connection...
14:50:00,493 DEBUG main LogPassExpXPathFromDBFacade:checkConnection:57 - Login, password and expectedXpath are successfully extracted from database
14:50:00,883  INFO main LoginSteps:seeLogoutLink:116 - Test login...
14:50:00,959  INFO main LoginSteps:seeLogoutLink:120 - Login test is completed successfully
14:50:00,960  INFO main LoginSteps:afterClass:246 - Test is completed!
14:50:03,849 DEBUG main Page:<init>:13 - login page initialization...
14:50:03,850 DEBUG main Page:<init>:52 - login page is created
14:50:03,850  INFO main LoginSteps:loadMainPage:85 - test is started...
14:50:05,058  INFO main LoginSteps:loginAsUserWithCredentials:92 - login test for user with id = 5
14:50:05,058 DEBUG main LogPassExpXPathFromDBFacade:checkConnection:53 - Database connection...
14:50:05,065 DEBUG main LogPassExpXPathFromDBFacade:checkConnection:57 - Login, password and expectedXpath are successfully extracted from database
14:50:05,559  INFO main LoginSteps:seeLogoutLink:116 - Test login...
14:50:05,619  INFO main LoginSteps:seeLogoutLink:120 - Login test is completed successfully
14:50:05,619  INFO main LoginSteps:afterClass:246 - Test is completed!
14:50:08,560 DEBUG main Page:<init>:13 - login page initialization...
14:50:08,562 DEBUG main Page:<init>:52 - login page is created
14:50:08,562  INFO main LoginSteps:loadMainPage:85 - test is started...
14:50:10,106  INFO main LoginSteps:loginAsUserWithCredentials:92 - login test for user with id = 6
14:50:10,106 DEBUG main LogPassExpXPathFromDBFacade:checkConnection:53 - Database connection...
14:50:10,112 DEBUG main LogPassExpXPathFromDBFacade:checkConnection:57 - Login, password and expectedXpath are successfully extracted from database
14:50:10,736  INFO main LoginSteps:seeLogoutLink:116 - Test login...
14:50:10,812  INFO main LoginSteps:seeLogoutLink:120 - Login test is completed successfully
14:50:10,812  INFO main LoginSteps:afterClass:246 - Test is completed!
14:50:13,657 DEBUG main Page:<init>:13 - login page initialization...
14:50:13,657 DEBUG main Page:<init>:52 - login page is created
14:50:13,657  INFO main LoginSteps:loadMainPage:85 - test is started...
14:50:15,680 DEBUG main Page:<init>:13 - mail page initialization...
14:50:15,694 DEBUG main Page:<init>:64 - mail page is created
14:50:15,695  INFO main LoginSteps:seeLogoutLink:116 - Test login...
14:50:21,184  INFO main LoginSteps:seeLogoutLink:120 - Login test is completed successfully
14:50:21,184 DEBUG main LoginSteps:checkIncomingMessages:132 - Check incoming messages presence...
14:50:21,218 DEBUG main Page:hasIncomingMessage:74 - There are 3 imcoming messages
14:50:21,219 DEBUG main LoginSteps:moveOneMessageToSpam:147 - 1 message is moving to spam...
14:50:21,392  INFO main Page:moveMessageToSpam:86 - Moving to spam message: 25 мар
Поздравляем с Днём Рождения!У нас для вас подарок – откройте! Здравствуйте! Команда Почты Mail.Ru поздравляет вас с Днем Рождени
Почта Mail.Ru
14:50:21,779 DEBUG main LoginSteps:checkPopupConfirmation:154 - Wait message moving confirmation...
14:50:22,345 DEBUG main Page:isPopupMessageMovingOkAppears:96 - Popup with confirmation is appeared
14:50:22,345  INFO main Page:isPopupMessageMovingOkAppears:97 - Message is successfully moved.
14:50:28,837  INFO main Page:openSpam:119 - Open spam
14:50:29,540  INFO main LoginSteps:moveMessageBackFromSpam:175 - Moving message back to income
14:50:29,609  INFO main Page:hasMovedMessageFromSpam:130 - Required message is found in spam
14:50:29,819 DEBUG main LoginSteps:checkPopupConfirmation:154 - Wait message moving confirmation...
14:50:30,397 DEBUG main Page:isPopupMessageMovingOkAppears:96 - Popup with confirmation is appeared
14:50:30,397  INFO main Page:isPopupMessageMovingOkAppears:97 - Message is successfully moved.
14:50:36,297  INFO main LoginSteps:afterClass:246 - Test is completed!
14:50:39,262 DEBUG main Page:<init>:13 - login page initialization...
14:50:39,263 DEBUG main Page:<init>:52 - login page is created
14:50:39,263  INFO main LoginSteps:loadMainPage:85 - test is started...
14:50:41,087 DEBUG main Page:<init>:13 - mail page initialization...
14:50:41,088 DEBUG main Page:<init>:64 - mail page is created
14:50:41,089  INFO main LoginSteps:seeLogoutLink:116 - Test login...
14:50:46,085  INFO main LoginSteps:seeLogoutLink:120 - Login test is completed successfully
14:50:46,086 DEBUG main LoginSteps:checkIncomingMessages:132 - Check incoming messages presence...
14:50:46,117 DEBUG main Page:hasIncomingMessage:74 - There are 3 imcoming messages
14:50:46,117 DEBUG main Page:selectMessages:186 - Messages selection is started
14:50:46,711 DEBUG main Page:selectMessages:195 - Message 1 is selected
14:50:46,841 DEBUG main Page:selectMessages:195 - Message 2 is selected
14:50:46,970 DEBUG main Page:selectMessages:195 - Message 3 is selected
14:50:46,970  INFO main Page:selectMessages:207 - All required messages are selected
14:50:46,971  INFO main LoginSteps:uncheckedAllMessage:204 - Uncheck all messages
14:50:47,051  INFO main Page:isAllMessagesUnselected:174 - All messages are unselected
14:50:47,051  INFO main LoginSteps:afterClass:246 - Test is completed!
14:50:49,955 DEBUG main Page:<init>:13 - login page initialization...
14:50:49,955 DEBUG main Page:<init>:52 - login page is created
14:50:49,956  INFO main LoginSteps:getMessagesFromXML:54 - Extract masseges from messages.xml
14:50:49,956 DEBUG main LoginSteps:getMessagesFromXML:57 - DOM parser: messages extracting...
14:50:49,981 DEBUG main LoginSteps:lambda$0:62 - message:  to=esalana@tut.by subject=Test1 msgbody=It's a test message!
14:50:49,982 DEBUG main LoginSteps:lambda$0:62 - message:  to=orimailrb@gmail.com, esalana@tut.by, lanalex@tut.by subject=Test2 msgbody=Hello!
14:50:49,982  INFO main LoginSteps:loadMainPage:85 - test is started...
14:50:51,804 DEBUG main Page:<init>:13 - mail page initialization...
14:50:51,805 DEBUG main Page:<init>:64 - mail page is created
14:50:51,805  INFO main LoginSteps:seeLogoutLink:116 - Test login...
14:50:57,004  INFO main LoginSteps:seeLogoutLink:120 - Login test is completed successfully
14:50:57,004  INFO main LoginSteps:sendMessage:225 - Send message:  to=esalana@tut.by subject=Test1 msgbody=It's a test message!
14:51:00,589  INFO main LoginSteps:afterClass:246 - Test is completed!
14:51:03,481 DEBUG main Page:<init>:13 - login page initialization...
14:51:03,482 DEBUG main Page:<init>:52 - login page is created
14:51:03,482  INFO main LoginSteps:getMessagesFromXML:54 - Extract masseges from messages.xml
14:51:03,482 DEBUG main LoginSteps:getMessagesFromXML:57 - DOM parser: messages extracting...
14:51:03,484 DEBUG main LoginSteps:lambda$0:62 - message:  to=esalana@tut.by subject=Test1 msgbody=It's a test message!
14:51:03,484 DEBUG main LoginSteps:lambda$0:62 - message:  to=orimailrb@gmail.com, esalana@tut.by, lanalex@tut.by subject=Test2 msgbody=Hello!
14:51:03,485  INFO main LoginSteps:loadMainPage:85 - test is started...
14:51:05,340 DEBUG main Page:<init>:13 - mail page initialization...
14:51:05,341 DEBUG main Page:<init>:64 - mail page is created
14:51:05,342  INFO main LoginSteps:seeLogoutLink:116 - Test login...
14:51:10,711  INFO main LoginSteps:seeLogoutLink:120 - Login test is completed successfully
14:51:10,712  INFO main LoginSteps:sendMessage:225 - Send message:  to=orimailrb@gmail.com, esalana@tut.by, lanalex@tut.by subject=Test2 msgbody=Hello!
14:51:14,453  INFO main LoginSteps:afterClass:246 - Test is completed!
