18:26:01,952 DEBUG main Page:<init>:13 - login page initialization...
18:26:01,971 DEBUG main Page:<init>:52 - login page is created
18:26:01,972  INFO main LoginSteps:loadMainPage:48 - test is started...
18:26:04,563  INFO main LoginSteps:seeLogoutLink:84 - Test login...
18:26:09,751  INFO main LoginSteps:seeLogoutLink:88 - Login test is completed successfully
18:26:12,743 DEBUG main Page:<init>:13 - login page initialization...
18:26:12,745 DEBUG main Page:<init>:52 - login page is created
18:26:12,745  INFO main LoginSteps:loadMainPage:48 - test is started...
18:26:14,695  INFO main LoginSteps:seeLogoutLink:84 - Test login...
18:26:15,383  INFO main LoginSteps:seeLogoutLink:88 - Login test is completed successfully
18:26:18,268 DEBUG main Page:<init>:13 - login page initialization...
18:26:18,269 DEBUG main Page:<init>:52 - login page is created
18:26:18,269  INFO main LoginSteps:loadMainPage:48 - test is started...
18:26:20,396  INFO main LoginSteps:seeLogoutLink:84 - Test login...
18:26:21,002  INFO main LoginSteps:seeLogoutLink:88 - Login test is completed successfully
18:26:23,929 DEBUG main Page:<init>:13 - login page initialization...
18:26:23,931 DEBUG main Page:<init>:52 - login page is created
18:26:23,931  INFO main LoginSteps:loadMainPage:48 - test is started...
18:26:25,954  INFO main LoginSteps:seeLogoutLink:84 - Test login...
18:26:26,036  INFO main LoginSteps:seeLogoutLink:88 - Login test is completed successfully
18:26:28,941 DEBUG main Page:<init>:13 - login page initialization...
18:26:28,942 DEBUG main Page:<init>:52 - login page is created
18:26:28,942  INFO main LoginSteps:loadMainPage:48 - test is started...
18:26:31,285  INFO main LoginSteps:seeLogoutLink:84 - Test login...
18:26:31,367  INFO main LoginSteps:seeLogoutLink:88 - Login test is completed successfully
18:26:34,393 DEBUG main Page:<init>:13 - login page initialization...
18:26:34,394 DEBUG main Page:<init>:52 - login page is created
18:26:34,395  INFO main LoginSteps:loadMainPage:48 - test is started...
18:26:36,531  INFO main LoginSteps:seeLogoutLink:84 - Test login...
18:26:36,604  INFO main LoginSteps:seeLogoutLink:88 - Login test is completed successfully
18:26:39,545 DEBUG main Page:<init>:13 - login page initialization...
18:26:39,545 DEBUG main Page:<init>:52 - login page is created
18:26:39,546  INFO main LoginSteps:loadMainPage:48 - test is started...
18:26:41,646 DEBUG main Page:<init>:13 - mail page initialization...
18:26:41,654 DEBUG main Page:<init>:22 - mail page is created
18:26:41,654  INFO main LoginSteps:seeLogoutLink:84 - Test login...
18:26:46,792  INFO main LoginSteps:seeLogoutLink:88 - Login test is completed successfully
18:28:57,746 DEBUG main Page:<init>:13 - login page initialization...
18:28:57,769 DEBUG main Page:<init>:52 - login page is created
18:28:57,769  INFO main LoginSteps:loadMainPage:48 - test is started...
18:28:59,953 DEBUG main Page:<init>:13 - mail page initialization...
18:28:59,980 DEBUG main Page:<init>:22 - mail page is created
18:28:59,981  INFO main LoginSteps:seeLogoutLink:84 - Test login...
18:29:04,640  INFO main LoginSteps:seeLogoutLink:88 - Login test is completed successfully
19:17:44,781 DEBUG main Page:<init>:13 - login page initialization...
19:17:44,794 DEBUG main Page:<init>:52 - login page is created
19:17:44,794  INFO main LoginSteps:loadMainPage:48 - test is started...
19:17:47,079 DEBUG main Page:<init>:13 - mail page initialization...
19:17:47,108 DEBUG main Page:<init>:22 - mail page is created
19:17:47,109  INFO main LoginSteps:seeLogoutLink:84 - Test login...
19:17:52,000  INFO main LoginSteps:seeLogoutLink:88 - Login test is completed successfully
19:19:54,992 DEBUG main Page:<init>:13 - login page initialization...
19:19:55,015 DEBUG main Page:<init>:52 - login page is created
19:19:55,015  INFO main LoginSteps:loadMainPage:48 - test is started...
19:19:57,704  INFO main LoginSteps:seeLogoutLink:84 - Test login...
19:20:02,272  INFO main LoginSteps:seeLogoutLink:88 - Login test is completed successfully
19:56:09,587 DEBUG main Page:<init>:13 - login page initialization...
19:56:09,619 DEBUG main Page:<init>:52 - login page is created
19:56:09,619  INFO main LoginSteps:loadMainPage:36 - test is started...
19:56:12,071  INFO main LoginSteps:seeLogoutLink:75 - Test login...
19:56:16,918  INFO main LoginSteps:seeLogoutLink:79 - Login test is completed successfully
20:02:40,659 DEBUG main Page:<init>:13 - login page initialization...
20:02:40,690 DEBUG main Page:<init>:52 - login page is created
20:02:40,690  INFO main LoginSteps:loadMainPage:36 - test is started...
20:02:42,859  INFO main LoginSteps:seeLogoutLink:75 - Test login...
20:02:47,369  INFO main LoginSteps:seeLogoutLink:79 - Login test is completed successfully
20:02:50,359 DEBUG main Page:<init>:13 - login page initialization...
20:02:50,361 DEBUG main Page:<init>:52 - login page is created
20:02:50,361  INFO main LoginSteps:loadMainPage:36 - test is started...
20:02:52,537  INFO main LoginSteps:seeLogoutLink:75 - Test login...
20:02:53,334  INFO main LoginSteps:seeLogoutLink:79 - Login test is completed successfully
20:02:56,433 DEBUG main Page:<init>:13 - login page initialization...
20:02:56,434 DEBUG main Page:<init>:52 - login page is created
20:02:56,434  INFO main LoginSteps:loadMainPage:36 - test is started...
20:02:58,532  INFO main LoginSteps:seeLogoutLink:75 - Test login...
20:02:59,124  INFO main LoginSteps:seeLogoutLink:79 - Login test is completed successfully
20:03:02,055 DEBUG main Page:<init>:13 - login page initialization...
20:03:02,058 DEBUG main Page:<init>:52 - login page is created
20:03:02,058  INFO main LoginSteps:loadMainPage:36 - test is started...
20:03:04,019  INFO main LoginSteps:seeLogoutLink:75 - Test login...
20:03:04,093  INFO main LoginSteps:seeLogoutLink:79 - Login test is completed successfully
20:03:07,221 DEBUG main Page:<init>:13 - login page initialization...
20:03:07,222 DEBUG main Page:<init>:52 - login page is created
20:03:07,223  INFO main LoginSteps:loadMainPage:36 - test is started...
20:03:09,236  INFO main LoginSteps:seeLogoutLink:75 - Test login...
20:03:09,318  INFO main LoginSteps:seeLogoutLink:79 - Login test is completed successfully
20:03:12,364 DEBUG main Page:<init>:13 - login page initialization...
20:03:12,365 DEBUG main Page:<init>:52 - login page is created
20:03:12,365  INFO main LoginSteps:loadMainPage:36 - test is started...
20:03:14,285  INFO main LoginSteps:seeLogoutLink:75 - Test login...
20:03:14,356  INFO main LoginSteps:seeLogoutLink:79 - Login test is completed successfully
20:48:05,966 DEBUG main Page:<init>:13 - login page initialization...
20:48:06,030 DEBUG main Page:<init>:52 - login page is created
20:48:06,030  INFO main LoginSteps:loadMainPage:36 - test is started...
20:48:08,054 DEBUG main LogPassExpXPathFromDBFasad:getExpectedXPath:71 - Database connection...
20:48:08,393 DEBUG main LogPassExpXPathFromDBFasad:getExpectedXPath:75 - Login, password and expectedXpath are successfully extracted from database
20:48:08,975  INFO main LoginSteps:seeLogoutLink:75 - Test login...
20:48:13,812  INFO main LoginSteps:seeLogoutLink:79 - Login test is completed successfully
20:48:16,727 DEBUG main Page:<init>:13 - login page initialization...
20:48:16,728 DEBUG main Page:<init>:52 - login page is created
20:48:16,728  INFO main LoginSteps:loadMainPage:36 - test is started...
20:48:18,435 DEBUG main LogPassExpXPathFromDBFasad:getExpectedXPath:71 - Database connection...
20:48:18,444 DEBUG main LogPassExpXPathFromDBFasad:getExpectedXPath:75 - Login, password and expectedXpath are successfully extracted from database
20:48:18,925  INFO main LoginSteps:seeLogoutLink:75 - Test login...
20:48:19,607  INFO main LoginSteps:seeLogoutLink:79 - Login test is completed successfully
20:48:22,454 DEBUG main Page:<init>:13 - login page initialization...
20:48:22,455 DEBUG main Page:<init>:52 - login page is created
20:48:22,456  INFO main LoginSteps:loadMainPage:36 - test is started...
20:48:24,293 DEBUG main LogPassExpXPathFromDBFasad:getExpectedXPath:71 - Database connection...
20:48:24,299 DEBUG main LogPassExpXPathFromDBFasad:getExpectedXPath:75 - Login, password and expectedXpath are successfully extracted from database
20:48:24,742  INFO main LoginSteps:seeLogoutLink:75 - Test login...
20:48:25,343  INFO main LoginSteps:seeLogoutLink:79 - Login test is completed successfully
20:48:28,313 DEBUG main Page:<init>:13 - login page initialization...
20:48:28,314 DEBUG main Page:<init>:52 - login page is created
20:48:28,314  INFO main LoginSteps:loadMainPage:36 - test is started...
20:48:30,467 DEBUG main LogPassExpXPathFromDBFasad:getExpectedXPath:71 - Database connection...
20:48:30,472 DEBUG main LogPassExpXPathFromDBFasad:getExpectedXPath:75 - Login, password and expectedXpath are successfully extracted from database
20:48:30,857  INFO main LoginSteps:seeLogoutLink:75 - Test login...
20:48:30,941  INFO main LoginSteps:seeLogoutLink:79 - Login test is completed successfully
20:48:33,763 DEBUG main Page:<init>:13 - login page initialization...
20:48:33,764 DEBUG main Page:<init>:52 - login page is created
20:48:33,764  INFO main LoginSteps:loadMainPage:36 - test is started...
20:48:35,020 DEBUG main LogPassExpXPathFromDBFasad:getExpectedXPath:71 - Database connection...
20:48:35,027 DEBUG main LogPassExpXPathFromDBFasad:getExpectedXPath:75 - Login, password and expectedXpath are successfully extracted from database
20:48:35,675  INFO main LoginSteps:seeLogoutLink:75 - Test login...
20:48:35,748  INFO main LoginSteps:seeLogoutLink:79 - Login test is completed successfully
20:48:39,153 DEBUG main Page:<init>:13 - login page initialization...
20:48:39,154 DEBUG main Page:<init>:52 - login page is created
20:48:39,154  INFO main LoginSteps:loadMainPage:36 - test is started...
20:48:40,735 DEBUG main LogPassExpXPathFromDBFasad:getExpectedXPath:71 - Database connection...
20:48:40,741 DEBUG main LogPassExpXPathFromDBFasad:getExpectedXPath:75 - Login, password and expectedXpath are successfully extracted from database
20:48:41,163  INFO main LoginSteps:seeLogoutLink:75 - Test login...
20:48:41,241  INFO main LoginSteps:seeLogoutLink:79 - Login test is completed successfully
20:56:12,503 DEBUG main Page:<init>:13 - login page initialization...
20:56:12,530 DEBUG main Page:<init>:52 - login page is created
20:56:12,530  INFO main LoginSteps:loadMainPage:36 - test is started...
20:56:13,919 DEBUG main LogPassExpXPathFromDBFasad:getExpectedXPath:71 - Database connection...
20:56:14,401 DEBUG main LogPassExpXPathFromDBFasad:getExpectedXPath:75 - Login, password and expectedXpath are successfully extracted from database
20:56:15,006  INFO main LoginSteps:seeLogoutLink:75 - Test login...
20:56:20,488  INFO main LoginSteps:seeLogoutLink:79 - Login test is completed successfully
21:46:28,770 DEBUG main Page:<init>:13 - login page initialization...
21:46:28,784 DEBUG main Page:<init>:52 - login page is created
21:46:28,784  INFO main LoginSteps:loadMainPage:36 - test is started...
21:46:30,191 DEBUG main LogPassExpXPathFromDBFasad:checkConnection:53 - Database connection...
21:46:30,529 ERROR main LogPassExpXPathFromDBFasad:setLoginPasswordExpFromDB:85 - fasad.LogPassExpXPathFromDBFasad SQLException: Public Key Retrieval is not allowed
21:46:30,530 ERROR main LogPassExpXPathFromDBFasad:checkConnection:61 - Error with DB connection: expectedXPath is not extracted
21:46:30,531 DEBUG main LogPassExpXPathFromDBFasad:checkConnection:53 - Database connection...
21:46:30,534 ERROR main LogPassExpXPathFromDBFasad:setLoginPasswordExpFromDB:85 - fasad.LogPassExpXPathFromDBFasad SQLException: Public Key Retrieval is not allowed
21:46:30,535 ERROR main LogPassExpXPathFromDBFasad:checkConnection:61 - Error with DB connection: login is not extracted
21:46:30,535 DEBUG main LogPassExpXPathFromDBFasad:checkConnection:53 - Database connection...
21:46:30,543 ERROR main LogPassExpXPathFromDBFasad:setLoginPasswordExpFromDB:85 - fasad.LogPassExpXPathFromDBFasad SQLException: Public Key Retrieval is not allowed
21:46:30,543 ERROR main LogPassExpXPathFromDBFasad:checkConnection:61 - Error with DB connection: password is not extracted
21:47:35,487 DEBUG main Page:<init>:13 - login page initialization...
21:47:35,519 DEBUG main Page:<init>:52 - login page is created
21:47:35,519  INFO main LoginSteps:loadMainPage:36 - test is started...
21:47:37,129 DEBUG main LogPassExpXPathFromDBFasad:checkConnection:53 - Database connection...
21:47:37,411 ERROR main LogPassExpXPathFromDBFasad:setLoginPasswordExpFromDB:85 - fasad.LogPassExpXPathFromDBFasad SQLException: Public Key Retrieval is not allowed
21:47:37,412 ERROR main LogPassExpXPathFromDBFasad:checkConnection:61 - Error with DB connection: expectedXPath is not extracted
21:47:37,412 DEBUG main LogPassExpXPathFromDBFasad:checkConnection:53 - Database connection...
21:47:37,415 ERROR main LogPassExpXPathFromDBFasad:setLoginPasswordExpFromDB:85 - fasad.LogPassExpXPathFromDBFasad SQLException: Public Key Retrieval is not allowed
21:47:37,415 ERROR main LogPassExpXPathFromDBFasad:checkConnection:61 - Error with DB connection: login is not extracted
21:47:37,416 DEBUG main LogPassExpXPathFromDBFasad:checkConnection:53 - Database connection...
21:47:37,422 ERROR main LogPassExpXPathFromDBFasad:setLoginPasswordExpFromDB:85 - fasad.LogPassExpXPathFromDBFasad SQLException: Public Key Retrieval is not allowed
21:47:37,423 ERROR main LogPassExpXPathFromDBFasad:checkConnection:61 - Error with DB connection: password is not extracted
21:47:40,558 DEBUG main Page:<init>:13 - login page initialization...
21:47:40,560 DEBUG main Page:<init>:52 - login page is created
21:47:40,560  INFO main LoginSteps:loadMainPage:36 - test is started...
21:47:42,837 DEBUG main Page:<init>:13 - mail page initialization...
21:47:42,866 DEBUG main Page:<init>:22 - mail page is created
21:47:42,867  INFO main LoginSteps:seeLogoutLink:75 - Test login...
21:47:47,645  INFO main LoginSteps:seeLogoutLink:79 - Login test is completed successfully
21:52:53,920 DEBUG main Page:<init>:13 - login page initialization...
21:52:53,952 DEBUG main Page:<init>:52 - login page is created
21:52:53,952  INFO main LoginSteps:loadMainPage:36 - test is started...
21:52:55,845 DEBUG main LogPassExpXPathFromDBFasad:checkConnection:53 - Database connection...
21:52:56,210 ERROR main LogPassExpXPathFromDBFasad:setLoginPasswordExpFromDB:85 - fasad.LogPassExpXPathFromDBFasad SQLException: Public Key Retrieval is not allowed
21:52:56,210 ERROR main LogPassExpXPathFromDBFasad:checkConnection:61 - Error with DB connection: expectedXPath is not extracted
21:55:06,892 DEBUG main Page:<init>:13 - login page initialization...
21:55:06,924 DEBUG main Page:<init>:52 - login page is created
21:55:06,924  INFO main LoginSteps:loadMainPage:36 - test is started...
21:55:08,680 DEBUG main LogPassExpXPathFromDBFasad:checkConnection:53 - Database connection...
21:55:09,039 DEBUG main LogPassExpXPathFromDBFasad:checkConnection:57 - Login, password and expectedXpath are successfully extracted from database
21:55:09,611  INFO main LoginSteps:seeLogoutLink:66 - Test login...
21:55:14,646  INFO main LoginSteps:seeLogoutLink:70 - Login test is completed successfully
21:55:56,855 DEBUG main Page:<init>:13 - login page initialization...
21:55:56,885 DEBUG main Page:<init>:52 - login page is created
21:55:56,885  INFO main LoginSteps:loadMainPage:36 - test is started...
21:55:58,164 DEBUG main LogPassExpXPathFromDBFasad:checkConnection:53 - Database connection...
21:55:58,524 DEBUG main LogPassExpXPathFromDBFasad:checkConnection:57 - Login, password and expectedXpath are successfully extracted from database
21:55:59,054  INFO main LoginSteps:seeLogoutLink:66 - Test login...
21:56:03,565  INFO main LoginSteps:seeLogoutLink:70 - Login test is completed successfully
21:56:06,554 DEBUG main Page:<init>:13 - login page initialization...
21:56:06,555 DEBUG main Page:<init>:52 - login page is created
21:56:06,556  INFO main LoginSteps:loadMainPage:36 - test is started...
21:56:08,784 DEBUG main Page:<init>:13 - mail page initialization...
21:56:08,792 DEBUG main Page:<init>:22 - mail page is created
21:56:08,793  INFO main LoginSteps:seeLogoutLink:66 - Test login...
21:56:13,931  INFO main LoginSteps:seeLogoutLink:70 - Login test is completed successfully
21:59:53,081 DEBUG main Page:<init>:13 - login page initialization...
21:59:53,110 DEBUG main Page:<init>:52 - login page is created
21:59:53,110  INFO main LoginSteps:loadMainPage:36 - test is started...
21:59:54,466 DEBUG main LogPassExpXPathFromDBFasad:checkConnection:53 - Database connection...
21:59:54,831 DEBUG main LogPassExpXPathFromDBFasad:checkConnection:57 - Login, password and expectedXpath are successfully extracted from database
21:59:55,355  INFO main LoginSteps:seeLogoutLink:66 - Test login...
21:59:59,832  INFO main LoginSteps:seeLogoutLink:70 - Login test is completed successfully
22:00:02,702 DEBUG main Page:<init>:13 - login page initialization...
22:00:02,704 DEBUG main Page:<init>:52 - login page is created
22:00:02,704  INFO main LoginSteps:loadMainPage:36 - test is started...
22:00:04,494 DEBUG main LogPassExpXPathFromDBFasad:checkConnection:53 - Database connection...
22:00:04,500 DEBUG main LogPassExpXPathFromDBFasad:checkConnection:57 - Login, password and expectedXpath are successfully extracted from database
22:00:05,020  INFO main LoginSteps:seeLogoutLink:66 - Test login...
22:00:05,731  INFO main LoginSteps:seeLogoutLink:70 - Login test is completed successfully
22:00:08,611 DEBUG main Page:<init>:13 - login page initialization...
22:00:08,612 DEBUG main Page:<init>:52 - login page is created
22:00:08,613  INFO main LoginSteps:loadMainPage:36 - test is started...
22:00:09,941 DEBUG main LogPassExpXPathFromDBFasad:checkConnection:53 - Database connection...
22:00:09,948 DEBUG main LogPassExpXPathFromDBFasad:checkConnection:57 - Login, password and expectedXpath are successfully extracted from database
22:00:10,576  INFO main LoginSteps:seeLogoutLink:66 - Test login...
22:00:11,167  INFO main LoginSteps:seeLogoutLink:70 - Login test is completed successfully
22:00:14,063 DEBUG main Page:<init>:13 - login page initialization...
22:00:14,064 DEBUG main Page:<init>:52 - login page is created
22:00:14,065  INFO main LoginSteps:loadMainPage:36 - test is started...
22:00:15,884 DEBUG main LogPassExpXPathFromDBFasad:checkConnection:53 - Database connection...
22:00:15,890 DEBUG main LogPassExpXPathFromDBFasad:checkConnection:57 - Login, password and expectedXpath are successfully extracted from database
22:00:16,288  INFO main LoginSteps:seeLogoutLink:66 - Test login...
22:00:16,379  INFO main LoginSteps:seeLogoutLink:70 - Login test is completed successfully
22:00:19,277 DEBUG main Page:<init>:13 - login page initialization...
22:00:19,278 DEBUG main Page:<init>:52 - login page is created
22:00:19,278  INFO main LoginSteps:loadMainPage:36 - test is started...
22:00:21,066 DEBUG main LogPassExpXPathFromDBFasad:checkConnection:53 - Database connection...
22:00:21,073 DEBUG main LogPassExpXPathFromDBFasad:checkConnection:57 - Login, password and expectedXpath are successfully extracted from database
22:00:21,412  INFO main LoginSteps:seeLogoutLink:66 - Test login...
22:00:21,481  INFO main LoginSteps:seeLogoutLink:70 - Login test is completed successfully
22:00:24,402 DEBUG main Page:<init>:13 - login page initialization...
22:00:24,402 DEBUG main Page:<init>:52 - login page is created
22:00:24,403  INFO main LoginSteps:loadMainPage:36 - test is started...
22:00:26,007 DEBUG main LogPassExpXPathFromDBFasad:checkConnection:53 - Database connection...
22:00:26,013 DEBUG main LogPassExpXPathFromDBFasad:checkConnection:57 - Login, password and expectedXpath are successfully extracted from database
22:00:26,360  INFO main LoginSteps:seeLogoutLink:66 - Test login...
22:00:26,427  INFO main LoginSteps:seeLogoutLink:70 - Login test is completed successfully
22:00:29,321 DEBUG main Page:<init>:13 - login page initialization...
22:00:29,322 DEBUG main Page:<init>:52 - login page is created
22:00:29,322  INFO main LoginSteps:loadMainPage:36 - test is started...
22:00:31,464 DEBUG main Page:<init>:13 - mail page initialization...
22:00:31,471 DEBUG main Page:<init>:22 - mail page is created
22:00:31,472  INFO main LoginSteps:seeLogoutLink:66 - Test login...
22:00:36,319  INFO main LoginSteps:seeLogoutLink:70 - Login test is completed successfully
22:04:07,535 DEBUG main Page:<init>:13 - login page initialization...
22:04:07,550 DEBUG main Page:<init>:52 - login page is created
22:04:07,566  INFO main LoginSteps:loadMainPage:36 - test is started...
22:04:09,034  INFO main LoginSteps:loginAsUserWithCredentials:43 - login test with id = 1
22:04:09,036 DEBUG main LogPassExpXPathFromDBFasad:checkConnection:53 - Database connection...
22:04:09,365 DEBUG main LogPassExpXPathFromDBFasad:checkConnection:57 - Login, password and expectedXpath are successfully extracted from database
22:04:09,831  INFO main LoginSteps:seeLogoutLink:67 - Test login...
22:04:14,735  INFO main LoginSteps:seeLogoutLink:71 - Login test is completed successfully
22:04:17,559 DEBUG main Page:<init>:13 - login page initialization...
22:04:17,560 DEBUG main Page:<init>:52 - login page is created
22:04:17,560  INFO main LoginSteps:loadMainPage:36 - test is started...
22:04:19,221  INFO main LoginSteps:loginAsUserWithCredentials:43 - login test with id = 2
22:04:19,222 DEBUG main LogPassExpXPathFromDBFasad:checkConnection:53 - Database connection...
22:04:19,227 DEBUG main LogPassExpXPathFromDBFasad:checkConnection:57 - Login, password and expectedXpath are successfully extracted from database
22:04:19,751  INFO main LoginSteps:seeLogoutLink:67 - Test login...
22:04:20,483  INFO main LoginSteps:seeLogoutLink:71 - Login test is completed successfully
22:04:23,354 DEBUG main Page:<init>:13 - login page initialization...
22:04:23,355 DEBUG main Page:<init>:52 - login page is created
22:04:23,356  INFO main LoginSteps:loadMainPage:36 - test is started...
22:04:25,077  INFO main LoginSteps:loginAsUserWithCredentials:43 - login test with id = 3
22:04:25,077 DEBUG main LogPassExpXPathFromDBFasad:checkConnection:53 - Database connection...
22:04:25,085 DEBUG main LogPassExpXPathFromDBFasad:checkConnection:57 - Login, password and expectedXpath are successfully extracted from database
22:04:25,500  INFO main LoginSteps:seeLogoutLink:67 - Test login...
22:04:26,102  INFO main LoginSteps:seeLogoutLink:71 - Login test is completed successfully
22:04:28,988 DEBUG main Page:<init>:13 - login page initialization...
22:04:28,988 DEBUG main Page:<init>:52 - login page is created
22:04:28,989  INFO main LoginSteps:loadMainPage:36 - test is started...
22:04:30,593  INFO main LoginSteps:loginAsUserWithCredentials:43 - login test with id = 4
22:04:30,593 DEBUG main LogPassExpXPathFromDBFasad:checkConnection:53 - Database connection...
22:04:30,599 DEBUG main LogPassExpXPathFromDBFasad:checkConnection:57 - Login, password and expectedXpath are successfully extracted from database
22:04:30,928  INFO main LoginSteps:seeLogoutLink:67 - Test login...
22:04:30,997  INFO main LoginSteps:seeLogoutLink:71 - Login test is completed successfully
22:04:34,025 DEBUG main Page:<init>:13 - login page initialization...
22:04:34,026 DEBUG main Page:<init>:52 - login page is created
22:04:34,027  INFO main LoginSteps:loadMainPage:36 - test is started...
22:04:35,806  INFO main LoginSteps:loginAsUserWithCredentials:43 - login test with id = 5
22:04:35,806 DEBUG main LogPassExpXPathFromDBFasad:checkConnection:53 - Database connection...
22:04:35,813 DEBUG main LogPassExpXPathFromDBFasad:checkConnection:57 - Login, password and expectedXpath are successfully extracted from database
22:04:36,249  INFO main LoginSteps:seeLogoutLink:67 - Test login...
22:04:36,322  INFO main LoginSteps:seeLogoutLink:71 - Login test is completed successfully
22:04:39,158 DEBUG main Page:<init>:13 - login page initialization...
22:04:39,159 DEBUG main Page:<init>:52 - login page is created
22:04:39,160  INFO main LoginSteps:loadMainPage:36 - test is started...
22:04:40,388  INFO main LoginSteps:loginAsUserWithCredentials:43 - login test with id = 6
22:04:40,389 DEBUG main LogPassExpXPathFromDBFasad:checkConnection:53 - Database connection...
22:04:40,395 DEBUG main LogPassExpXPathFromDBFasad:checkConnection:57 - Login, password and expectedXpath are successfully extracted from database
22:04:41,060  INFO main LoginSteps:seeLogoutLink:67 - Test login...
22:04:41,144  INFO main LoginSteps:seeLogoutLink:71 - Login test is completed successfully
22:04:44,072 DEBUG main Page:<init>:13 - login page initialization...
22:04:44,073 DEBUG main Page:<init>:52 - login page is created
22:04:44,073  INFO main LoginSteps:loadMainPage:36 - test is started...
22:04:46,562 DEBUG main Page:<init>:13 - mail page initialization...
22:04:46,570 DEBUG main Page:<init>:22 - mail page is created
22:04:46,571  INFO main LoginSteps:seeLogoutLink:67 - Test login...
22:04:52,493  INFO main LoginSteps:seeLogoutLink:71 - Login test is completed successfully
22:05:39,333 DEBUG main Page:<init>:13 - login page initialization...
22:05:39,357 DEBUG main Page:<init>:52 - login page is created
22:05:39,358  INFO main LoginSteps:loadMainPage:36 - test is started...
22:05:41,794 DEBUG main Page:<init>:13 - mail page initialization...
22:05:41,825 DEBUG main Page:<init>:22 - mail page is created
22:05:41,826  INFO main LoginSteps:seeLogoutLink:67 - Test login...
22:05:46,789  INFO main LoginSteps:seeLogoutLink:71 - Login test is completed successfully
22:06:14,780 DEBUG main Page:<init>:13 - login page initialization...
22:06:14,801 DEBUG main Page:<init>:52 - login page is created
22:06:14,802  INFO main LoginSteps:loadMainPage:36 - test is started...
22:06:17,353 DEBUG main Page:<init>:13 - mail page initialization...
22:06:17,380 DEBUG main Page:<init>:22 - mail page is created
22:06:17,381  INFO main LoginSteps:seeLogoutLink:67 - Test login...
22:06:22,433  INFO main LoginSteps:seeLogoutLink:71 - Login test is completed successfully
23:48:45,742 DEBUG main Page:<init>:13 - login page initialization...
23:48:45,763 DEBUG main Page:<init>:52 - login page is created
23:48:45,763  INFO main LoginSteps:loadMainPage:36 - test is started...
23:48:47,776 DEBUG main Page:<init>:13 - mail page initialization...
23:48:47,804 DEBUG main Page:<init>:22 - mail page is created
23:48:47,805  INFO main LoginSteps:seeLogoutLink:67 - Test login...
23:48:52,284  INFO main LoginSteps:seeLogoutLink:71 - Login test is completed successfully
23:49:45,643 DEBUG main Page:<init>:13 - login page initialization...
23:49:45,665 DEBUG main Page:<init>:52 - login page is created
23:49:45,665  INFO main LoginSteps:loadMainPage:36 - test is started...
23:49:47,818 DEBUG main Page:<init>:13 - mail page initialization...
23:49:47,844 DEBUG main Page:<init>:22 - mail page is created
23:49:47,845  INFO main LoginSteps:seeLogoutLink:67 - Test login...
23:49:52,601  INFO main LoginSteps:seeLogoutLink:71 - Login test is completed successfully
